SF:/home/odm3n/.rustup/toolchains/nightly-x86_64-unknown-linux-gnu/lib/rustlib/src/rust/library/std/src/sys/thread_local/native/mod.rs
FN:97,_RNCNkNvNvCscQlb7znvrtA_9vm_opcode1__35RECURSIVE_COUNT_ArbitraryStackValue0s_0B7_
FN:97,_RNCNkNvNvCscQlb7znvrtA_9vm_opcodes_1__21RECURSIVE_COUNT_Input0s_0B7_
FN:83,_RNvNvNvCscQlb7znvrtA_9vm_opcode1__35RECURSIVE_COUNT_ArbitraryStackValue6___init
FN:83,_RNvNvNvCscQlb7znvrtA_9vm_opcodes_1__21RECURSIVE_COUNT_Input6___init
FN:90,_RNCNkNvNvCscQlb7znvrtA_9vm_opcode1__35RECURSIVE_COUNT_ArbitraryStackValue00B7_
FN:90,_RNCNkNvNvCscQlb7znvrtA_9vm_opcodes_1__21RECURSIVE_COUNT_Input00B7_
FN:90,_RNCNkNvMs3_NtCsipbLpstqwUV_8tycho_vm5stateNtB9_7VmState11EMPTY_STACK00Bb_
FN:90,_RNCNkNvNtCsipbLpstqwUV_8tycho_vm5state5QUIT000B7_
FN:90,_RNCNkNvNtCsipbLpstqwUV_8tycho_vm5state5QUIT100B7_
FN:90,_RNCNkNvNtCsipbLpstqwUV_8tycho_vm5state6QUIT1100B7_
FN:90,_RNCNkNvNtCsipbLpstqwUV_8tycho_vm5state8EXC_QUIT00B7_
FN:90,_RNCNkNvNvMNtCsipbLpstqwUV_8tycho_vm5stackNtB8_5Stack14make_minus_one9MINUS_ONE00Ba_
FN:90,_RNCNkNvNvMNtCsipbLpstqwUV_8tycho_vm5stackNtB8_5Stack16make_empty_tuple11EMPTY_TUPLE00Ba_
FN:90,_RNCNkNvNvMNtCsipbLpstqwUV_8tycho_vm5stackNtB8_5Stack8make_nan3NAN00Ba_
FN:90,_RNCNkNvNvMNtCsipbLpstqwUV_8tycho_vm5stackNtB8_5Stack8make_one3ONE00Ba_
FN:90,_RNCNkNvNvMNtCsipbLpstqwUV_8tycho_vm5stackNtB8_5Stack9make_null4NULL00Ba_
FN:90,_RNCNkNvNvMNtCsipbLpstqwUV_8tycho_vm5stackNtB8_5Stack9make_zero3ONE00Ba_
FN:63,_RNCNkNvNvMsi_NtCsipbLpstqwUV_8tycho_vm6safercNtBb_11SafeDeleter6retire7DELETER00Bd_
FN:97,_RNCNkNvNvNtCsipbLpstqwUV_8tycho_vm5stack1__30RECURSIVE_COUNT_StackValueType0s_0B9_
FN:83,_RNvNvMs3_NtCsipbLpstqwUV_8tycho_vm5stateNtB7_7VmState11EMPTY_STACK6___init
FN:83,_RNvNvNtCsipbLpstqwUV_8tycho_vm5state5QUIT06___init
FN:83,_RNvNvNtCsipbLpstqwUV_8tycho_vm5state5QUIT16___init
FN:83,_RNvNvNtCsipbLpstqwUV_8tycho_vm5state6QUIT116___init
FN:83,_RNvNvNtCsipbLpstqwUV_8tycho_vm5state8EXC_QUIT6___init
FN:83,_RNvNvNvMNtCsipbLpstqwUV_8tycho_vm5stackNtB6_5Stack14make_minus_one9MINUS_ONE6___init
FN:83,_RNvNvNvMNtCsipbLpstqwUV_8tycho_vm5stackNtB6_5Stack16make_empty_tuple11EMPTY_TUPLE6___init
FN:83,_RNvNvNvMNtCsipbLpstqwUV_8tycho_vm5stackNtB6_5Stack8make_nan3NAN6___init
FN:83,_RNvNvNvMNtCsipbLpstqwUV_8tycho_vm5stackNtB6_5Stack8make_one3ONE6___init
FN:83,_RNvNvNvMNtCsipbLpstqwUV_8tycho_vm5stackNtB6_5Stack9make_null4NULL6___init
FN:83,_RNvNvNvMNtCsipbLpstqwUV_8tycho_vm5stackNtB6_5Stack9make_zero3ONE6___init
FN:83,_RNvNvNvNtCsipbLpstqwUV_8tycho_vm5stack1__30RECURSIVE_COUNT_StackValueType6___init
FN:97,_RNCNkNvMs3_NtCsipbLpstqwUV_8tycho_vm5stateNtB9_7VmState11EMPTY_STACK0s_0Bb_
FN:97,_RNCNkNvNtCsipbLpstqwUV_8tycho_vm5state5QUIT00s_0B7_
FN:97,_RNCNkNvNtCsipbLpstqwUV_8tycho_vm5state5QUIT10s_0B7_
FN:97,_RNCNkNvNtCsipbLpstqwUV_8tycho_vm5state6QUIT110s_0B7_
FN:97,_RNCNkNvNtCsipbLpstqwUV_8tycho_vm5state8EXC_QUIT0s_0B7_
FN:97,_RNCNkNvNvMNtCsipbLpstqwUV_8tycho_vm5stackNtB8_5Stack14make_minus_one9MINUS_ONE0s_0Ba_
FN:97,_RNCNkNvNvMNtCsipbLpstqwUV_8tycho_vm5stackNtB8_5Stack16make_empty_tuple11EMPTY_TUPLE0s_0Ba_
FN:97,_RNCNkNvNvMNtCsipbLpstqwUV_8tycho_vm5stackNtB8_5Stack8make_nan3NAN0s_0Ba_
FN:97,_RNCNkNvNvMNtCsipbLpstqwUV_8tycho_vm5stackNtB8_5Stack8make_one3ONE0s_0Ba_
FN:97,_RNCNkNvNvMNtCsipbLpstqwUV_8tycho_vm5stackNtB8_5Stack9make_null4NULL0s_0Ba_
FN:97,_RNCNkNvNvMNtCsipbLpstqwUV_8tycho_vm5stackNtB8_5Stack9make_zero3ONE0s_0Ba_
FN:70,_RNCNkNvNvMsi_NtCsipbLpstqwUV_8tycho_vm6safercNtBb_11SafeDeleter6retire7DELETER0s_0Bd_
FN:90,_RNCNkNvNvNtCsipbLpstqwUV_8tycho_vm5stack1__30RECURSIVE_COUNT_StackValueType00B9_
FN:97,_RNCNkNvNvNtNtCsdL4DZEAGarf_15everscale_types6models7account1__27RECURSIVE_COUNT_StorageUsed0s_0Bb_
FN:97,_RNCNkNvNvNtNtCsdL4DZEAGarf_15everscale_types6models7accounts0_1__27RECURSIVE_COUNT_StorageInfo0s_0Bb_
FN:97,_RNCNkNvNvNtNtCsdL4DZEAGarf_15everscale_types6models7accounts1_1__29RECURSIVE_COUNT_AccountStatus0s_0Bb_
FN:97,_RNCNkNvNvNtNtCsdL4DZEAGarf_15everscale_types6models7accounts2_1__23RECURSIVE_COUNT_Account0s_0Bb_
FN:97,_RNCNkNvNvNtNtCsdL4DZEAGarf_15everscale_types6models7accounts3_1__28RECURSIVE_COUNT_AccountState0s_0Bb_
FN:97,_RNCNkNvNvNtNtCsdL4DZEAGarf_15everscale_types6models7accounts4_1__28RECURSIVE_COUNT_SpecialFlags0s_0Bb_
FN:97,_RNCNkNvNvNtNtCsdL4DZEAGarf_15everscale_types6models7accounts5_1__25RECURSIVE_COUNT_SimpleLib0s_0Bb_
FN:97,_RNCNkNvNvNtNtCsdL4DZEAGarf_15everscale_types6models7accounts_1__32RECURSIVE_COUNT_StorageUsedShort0s_0Bb_
FN:97,_RNCNkNvNvNtNtCsdL4DZEAGarf_15everscale_types6models7message1__29RECURSIVE_COUNT_MessageLayout0s_0Bb_
FN:97,_RNCNkNvNvNtNtCsdL4DZEAGarf_15everscale_types6models7messages0_1__23RECURSIVE_COUNT_MsgType0s_0Bb_
FN:97,_RNCNkNvNvNtNtCsdL4DZEAGarf_15everscale_types6models7messages1_1__23RECURSIVE_COUNT_MsgInfo0s_0Bb_
FN:97,_RNCNkNvNvNtNtCsdL4DZEAGarf_15everscale_types6models7messages2_1__26RECURSIVE_COUNT_IntMsgInfo0s_0Bb_
FN:97,_RNCNkNvNvNtNtCsdL4DZEAGarf_15everscale_types6models7messages3_1__33RECURSIVE_COUNT_RelaxedIntMsgInfo0s_0Bb_
FN:97,_RNCNkNvNvNtNtCsdL4DZEAGarf_15everscale_types6models7messages4_1__28RECURSIVE_COUNT_ExtInMsgInfo0s_0Bb_
FN:97,_RNCNkNvNvNtNtCsdL4DZEAGarf_15everscale_types6models7messages5_1__29RECURSIVE_COUNT_ExtOutMsgInfo0s_0Bb_
FN:97,_RNCNkNvNvNtNtCsdL4DZEAGarf_15everscale_types6models7messages6_1__36RECURSIVE_COUNT_RelaxedExtOutMsgInfo0s_0Bb_
FN:97,_RNCNkNvNvNtNtCsdL4DZEAGarf_15everscale_types6models7messages_1__30RECURSIVE_COUNT_RelaxedMsgInfo0s_0Bb_
FN:90,_RNCNkNvNvXs8_NtNtNtCsdL4DZEAGarf_15everscale_types4cell9cell_impl2rcNtBb_4CellNtBf_10CellFamily10empty_cell10EMPTY_CELL00Bh_
FN:83,_RNvNvNvNtNtCsdL4DZEAGarf_15everscale_types6models7account1__27RECURSIVE_COUNT_StorageUsed6___init
FN:83,_RNvNvNvNtNtCsdL4DZEAGarf_15everscale_types6models7accounts0_1__27RECURSIVE_COUNT_StorageInfo6___init
FN:83,_RNvNvNvNtNtCsdL4DZEAGarf_15everscale_types6models7accounts1_1__29RECURSIVE_COUNT_AccountStatus6___init
FN:83,_RNvNvNvNtNtCsdL4DZEAGarf_15everscale_types6models7accounts2_1__23RECURSIVE_COUNT_Account6___init
FN:83,_RNvNvNvNtNtCsdL4DZEAGarf_15everscale_types6models7accounts3_1__28RECURSIVE_COUNT_AccountState6___init
FN:83,_RNvNvNvNtNtCsdL4DZEAGarf_15everscale_types6models7accounts4_1__28RECURSIVE_COUNT_SpecialFlags6___init
FN:83,_RNvNvNvNtNtCsdL4DZEAGarf_15everscale_types6models7accounts5_1__25RECURSIVE_COUNT_SimpleLib6___init
FN:83,_RNvNvNvNtNtCsdL4DZEAGarf_15everscale_types6models7accounts_1__32RECURSIVE_COUNT_StorageUsedShort6___init
FN:83,_RNvNvNvNtNtCsdL4DZEAGarf_15everscale_types6models7message1__29RECURSIVE_COUNT_MessageLayout6___init
FN:83,_RNvNvNvNtNtCsdL4DZEAGarf_15everscale_types6models7messages0_1__23RECURSIVE_COUNT_MsgType6___init
FN:83,_RNvNvNvNtNtCsdL4DZEAGarf_15everscale_types6models7messages1_1__23RECURSIVE_COUNT_MsgInfo6___init
FN:83,_RNvNvNvNtNtCsdL4DZEAGarf_15everscale_types6models7messages2_1__26RECURSIVE_COUNT_IntMsgInfo6___init
FN:83,_RNvNvNvNtNtCsdL4DZEAGarf_15everscale_types6models7messages3_1__33RECURSIVE_COUNT_RelaxedIntMsgInfo6___init
FN:83,_RNvNvNvNtNtCsdL4DZEAGarf_15everscale_types6models7messages4_1__28RECURSIVE_COUNT_ExtInMsgInfo6___init
FN:83,_RNvNvNvNtNtCsdL4DZEAGarf_15everscale_types6models7messages5_1__29RECURSIVE_COUNT_ExtOutMsgInfo6___init
FN:83,_RNvNvNvNtNtCsdL4DZEAGarf_15everscale_types6models7messages6_1__36RECURSIVE_COUNT_RelaxedExtOutMsgInfo6___init
FN:83,_RNvNvNvNtNtCsdL4DZEAGarf_15everscale_types6models7messages_1__30RECURSIVE_COUNT_RelaxedMsgInfo6___init
FN:83,_RNvNvNvXs8_NtNtNtCsdL4DZEAGarf_15everscale_types4cell9cell_impl2rcNtB9_4CellNtBd_10CellFamily10empty_cell10EMPTY_CELL6___init
FN:90,_RNCNkNvNvNtNtCsdL4DZEAGarf_15everscale_types6models7account1__27RECURSIVE_COUNT_StorageUsed00Bb_
FN:90,_RNCNkNvNvNtNtCsdL4DZEAGarf_15everscale_types6models7accounts0_1__27RECURSIVE_COUNT_StorageInfo00Bb_
FN:90,_RNCNkNvNvNtNtCsdL4DZEAGarf_15everscale_types6models7accounts1_1__29RECURSIVE_COUNT_AccountStatus00Bb_
FN:90,_RNCNkNvNvNtNtCsdL4DZEAGarf_15everscale_types6models7accounts2_1__23RECURSIVE_COUNT_Account00Bb_
FN:90,_RNCNkNvNvNtNtCsdL4DZEAGarf_15everscale_types6models7accounts3_1__28RECURSIVE_COUNT_AccountState00Bb_
FN:90,_RNCNkNvNvNtNtCsdL4DZEAGarf_15everscale_types6models7accounts4_1__28RECURSIVE_COUNT_SpecialFlags00Bb_
FN:90,_RNCNkNvNvNtNtCsdL4DZEAGarf_15everscale_types6models7accounts5_1__25RECURSIVE_COUNT_SimpleLib00Bb_
FN:90,_RNCNkNvNvNtNtCsdL4DZEAGarf_15everscale_types6models7accounts_1__32RECURSIVE_COUNT_StorageUsedShort00Bb_
FN:90,_RNCNkNvNvNtNtCsdL4DZEAGarf_15everscale_types6models7message1__29RECURSIVE_COUNT_MessageLayout00Bb_
FN:90,_RNCNkNvNvNtNtCsdL4DZEAGarf_15everscale_types6models7messages0_1__23RECURSIVE_COUNT_MsgType00Bb_
FN:90,_RNCNkNvNvNtNtCsdL4DZEAGarf_15everscale_types6models7messages1_1__23RECURSIVE_COUNT_MsgInfo00Bb_
FN:90,_RNCNkNvNvNtNtCsdL4DZEAGarf_15everscale_types6models7messages2_1__26RECURSIVE_COUNT_IntMsgInfo00Bb_
FN:90,_RNCNkNvNvNtNtCsdL4DZEAGarf_15everscale_types6models7messages3_1__33RECURSIVE_COUNT_RelaxedIntMsgInfo00Bb_
FN:90,_RNCNkNvNvNtNtCsdL4DZEAGarf_15everscale_types6models7messages4_1__28RECURSIVE_COUNT_ExtInMsgInfo00Bb_
FN:90,_RNCNkNvNvNtNtCsdL4DZEAGarf_15everscale_types6models7messages5_1__29RECURSIVE_COUNT_ExtOutMsgInfo00Bb_
FN:90,_RNCNkNvNvNtNtCsdL4DZEAGarf_15everscale_types6models7messages6_1__36RECURSIVE_COUNT_RelaxedExtOutMsgInfo00Bb_
FN:90,_RNCNkNvNvNtNtCsdL4DZEAGarf_15everscale_types6models7messages_1__30RECURSIVE_COUNT_RelaxedMsgInfo00Bb_
FN:97,_RNCNkNvNvXs8_NtNtNtCsdL4DZEAGarf_15everscale_types4cell9cell_impl2rcNtBb_4CellNtBf_10CellFamily10empty_cell10EMPTY_CELL0s_0Bh_
FNDA:3178,_RNCNkNvNvCscQlb7znvrtA_9vm_opcode1__35RECURSIVE_COUNT_ArbitraryStackValue0s_0B7_
FNDA:0,_RNCNkNvNvCscQlb7znvrtA_9vm_opcodes_1__21RECURSIVE_COUNT_Input0s_0B7_
FNDA:1,_RNvNvNvCscQlb7znvrtA_9vm_opcode1__35RECURSIVE_COUNT_ArbitraryStackValue6___init
FNDA:0,_RNvNvNvCscQlb7znvrtA_9vm_opcodes_1__21RECURSIVE_COUNT_Input6___init
FNDA:0,_RNCNkNvNvCscQlb7znvrtA_9vm_opcode1__35RECURSIVE_COUNT_ArbitraryStackValue00B7_
FNDA:0,_RNCNkNvNvCscQlb7znvrtA_9vm_opcodes_1__21RECURSIVE_COUNT_Input00B7_
FNDA:7355524,_RNCNkNvMs3_NtCsipbLpstqwUV_8tycho_vm5stateNtB9_7VmState11EMPTY_STACK00Bb_
FNDA:815459,_RNCNkNvNtCsipbLpstqwUV_8tycho_vm5state5QUIT000B7_
FNDA:815459,_RNCNkNvNtCsipbLpstqwUV_8tycho_vm5state5QUIT100B7_
FNDA:478812,_RNCNkNvNtCsipbLpstqwUV_8tycho_vm5state6QUIT1100B7_
FNDA:815459,_RNCNkNvNtCsipbLpstqwUV_8tycho_vm5state8EXC_QUIT00B7_
FNDA:455611,_RNCNkNvNvMNtCsipbLpstqwUV_8tycho_vm5stackNtB8_5Stack14make_minus_one9MINUS_ONE00Ba_
FNDA:0,_RNCNkNvNvMNtCsipbLpstqwUV_8tycho_vm5stackNtB8_5Stack16make_empty_tuple11EMPTY_TUPLE00Ba_
FNDA:1268640,_RNCNkNvNvMNtCsipbLpstqwUV_8tycho_vm5stackNtB8_5Stack8make_nan3NAN00Ba_
FNDA:7999,_RNCNkNvNvMNtCsipbLpstqwUV_8tycho_vm5stackNtB8_5Stack8make_one3ONE00Ba_
FNDA:2052320,_RNCNkNvNvMNtCsipbLpstqwUV_8tycho_vm5stackNtB8_5Stack9make_null4NULL00Ba_
FNDA:8118221,_RNCNkNvNvMNtCsipbLpstqwUV_8tycho_vm5stackNtB8_5Stack9make_zero3ONE00Ba_
FNDA:78594888,_RNCNkNvNvMsi_NtCsipbLpstqwUV_8tycho_vm6safercNtBb_11SafeDeleter6retire7DELETER00Bd_
FNDA:0,_RNCNkNvNvNtCsipbLpstqwUV_8tycho_vm5stack1__30RECURSIVE_COUNT_StackValueType0s_0B9_
FNDA:1,_RNvNvMs3_NtCsipbLpstqwUV_8tycho_vm5stateNtB7_7VmState11EMPTY_STACK6___init
FNDA:1,_RNvNvNtCsipbLpstqwUV_8tycho_vm5state5QUIT06___init
FNDA:1,_RNvNvNtCsipbLpstqwUV_8tycho_vm5state5QUIT16___init
FNDA:1,_RNvNvNtCsipbLpstqwUV_8tycho_vm5state6QUIT116___init
FNDA:1,_RNvNvNtCsipbLpstqwUV_8tycho_vm5state8EXC_QUIT6___init
FNDA:1,_RNvNvNvMNtCsipbLpstqwUV_8tycho_vm5stackNtB6_5Stack14make_minus_one9MINUS_ONE6___init
FNDA:0,_RNvNvNvMNtCsipbLpstqwUV_8tycho_vm5stackNtB6_5Stack16make_empty_tuple11EMPTY_TUPLE6___init
FNDA:1,_RNvNvNvMNtCsipbLpstqwUV_8tycho_vm5stackNtB6_5Stack8make_nan3NAN6___init
FNDA:1,_RNvNvNvMNtCsipbLpstqwUV_8tycho_vm5stackNtB6_5Stack8make_one3ONE6___init
FNDA:1,_RNvNvNvMNtCsipbLpstqwUV_8tycho_vm5stackNtB6_5Stack9make_null4NULL6___init
FNDA:1,_RNvNvNvMNtCsipbLpstqwUV_8tycho_vm5stackNtB6_5Stack9make_zero3ONE6___init
FNDA:0,_RNvNvNvNtCsipbLpstqwUV_8tycho_vm5stack1__30RECURSIVE_COUNT_StackValueType6___init
FNDA:0,_RNCNkNvMs3_NtCsipbLpstqwUV_8tycho_vm5stateNtB9_7VmState11EMPTY_STACK0s_0Bb_
FNDA:0,_RNCNkNvNtCsipbLpstqwUV_8tycho_vm5state5QUIT00s_0B7_
FNDA:0,_RNCNkNvNtCsipbLpstqwUV_8tycho_vm5state5QUIT10s_0B7_
FNDA:0,_RNCNkNvNtCsipbLpstqwUV_8tycho_vm5state6QUIT110s_0B7_
FNDA:0,_RNCNkNvNtCsipbLpstqwUV_8tycho_vm5state8EXC_QUIT0s_0B7_
FNDA:0,_RNCNkNvNvMNtCsipbLpstqwUV_8tycho_vm5stackNtB8_5Stack14make_minus_one9MINUS_ONE0s_0Ba_
FNDA:0,_RNCNkNvNvMNtCsipbLpstqwUV_8tycho_vm5stackNtB8_5Stack16make_empty_tuple11EMPTY_TUPLE0s_0Ba_
FNDA:0,_RNCNkNvNvMNtCsipbLpstqwUV_8tycho_vm5stackNtB8_5Stack8make_nan3NAN0s_0Ba_
FNDA:0,_RNCNkNvNvMNtCsipbLpstqwUV_8tycho_vm5stackNtB8_5Stack8make_one3ONE0s_0Ba_
FNDA:0,_RNCNkNvNvMNtCsipbLpstqwUV_8tycho_vm5stackNtB8_5Stack9make_null4NULL0s_0Ba_
FNDA:0,_RNCNkNvNvMNtCsipbLpstqwUV_8tycho_vm5stackNtB8_5Stack9make_zero3ONE0s_0Ba_
FNDA:0,_RNCNkNvNvMsi_NtCsipbLpstqwUV_8tycho_vm6safercNtBb_11SafeDeleter6retire7DELETER0s_0Bd_
FNDA:0,_RNCNkNvNvNtCsipbLpstqwUV_8tycho_vm5stack1__30RECURSIVE_COUNT_StackValueType00B9_
FNDA:0,_RNCNkNvNvNtNtCsdL4DZEAGarf_15everscale_types6models7account1__27RECURSIVE_COUNT_StorageUsed0s_0Bb_
FNDA:0,_RNCNkNvNvNtNtCsdL4DZEAGarf_15everscale_types6models7accounts0_1__27RECURSIVE_COUNT_StorageInfo0s_0Bb_
FNDA:0,_RNCNkNvNvNtNtCsdL4DZEAGarf_15everscale_types6models7accounts1_1__29RECURSIVE_COUNT_AccountStatus0s_0Bb_
FNDA:0,_RNCNkNvNvNtNtCsdL4DZEAGarf_15everscale_types6models7accounts2_1__23RECURSIVE_COUNT_Account0s_0Bb_
FNDA:0,_RNCNkNvNvNtNtCsdL4DZEAGarf_15everscale_types6models7accounts3_1__28RECURSIVE_COUNT_AccountState0s_0Bb_
FNDA:0,_RNCNkNvNvNtNtCsdL4DZEAGarf_15everscale_types6models7accounts4_1__28RECURSIVE_COUNT_SpecialFlags0s_0Bb_
FNDA:0,_RNCNkNvNvNtNtCsdL4DZEAGarf_15everscale_types6models7accounts5_1__25RECURSIVE_COUNT_SimpleLib0s_0Bb_
FNDA:0,_RNCNkNvNvNtNtCsdL4DZEAGarf_15everscale_types6models7accounts_1__32RECURSIVE_COUNT_StorageUsedShort0s_0Bb_
FNDA:0,_RNCNkNvNvNtNtCsdL4DZEAGarf_15everscale_types6models7message1__29RECURSIVE_COUNT_MessageLayout0s_0Bb_
FNDA:0,_RNCNkNvNvNtNtCsdL4DZEAGarf_15everscale_types6models7messages0_1__23RECURSIVE_COUNT_MsgType0s_0Bb_
FNDA:0,_RNCNkNvNvNtNtCsdL4DZEAGarf_15everscale_types6models7messages1_1__23RECURSIVE_COUNT_MsgInfo0s_0Bb_
FNDA:0,_RNCNkNvNvNtNtCsdL4DZEAGarf_15everscale_types6models7messages2_1__26RECURSIVE_COUNT_IntMsgInfo0s_0Bb_
FNDA:0,_RNCNkNvNvNtNtCsdL4DZEAGarf_15everscale_types6models7messages3_1__33RECURSIVE_COUNT_RelaxedIntMsgInfo0s_0Bb_
FNDA:0,_RNCNkNvNvNtNtCsdL4DZEAGarf_15everscale_types6models7messages4_1__28RECURSIVE_COUNT_ExtInMsgInfo0s_0Bb_
FNDA:0,_RNCNkNvNvNtNtCsdL4DZEAGarf_15everscale_types6models7messages5_1__29RECURSIVE_COUNT_ExtOutMsgInfo0s_0Bb_
FNDA:0,_RNCNkNvNvNtNtCsdL4DZEAGarf_15everscale_types6models7messages6_1__36RECURSIVE_COUNT_RelaxedExtOutMsgInfo0s_0Bb_
FNDA:0,_RNCNkNvNvNtNtCsdL4DZEAGarf_15everscale_types6models7messages_1__30RECURSIVE_COUNT_RelaxedMsgInfo0s_0Bb_
FNDA:11399833,_RNCNkNvNvXs8_NtNtNtCsdL4DZEAGarf_15everscale_types4cell9cell_impl2rcNtBb_4CellNtBf_10CellFamily10empty_cell10EMPTY_CELL00Bh_
FNDA:0,_RNvNvNvNtNtCsdL4DZEAGarf_15everscale_types6models7account1__27RECURSIVE_COUNT_StorageUsed6___init
FNDA:0,_RNvNvNvNtNtCsdL4DZEAGarf_15everscale_types6models7accounts0_1__27RECURSIVE_COUNT_StorageInfo6___init
FNDA:0,_RNvNvNvNtNtCsdL4DZEAGarf_15everscale_types6models7accounts1_1__29RECURSIVE_COUNT_AccountStatus6___init
FNDA:0,_RNvNvNvNtNtCsdL4DZEAGarf_15everscale_types6models7accounts2_1__23RECURSIVE_COUNT_Account6___init
FNDA:0,_RNvNvNvNtNtCsdL4DZEAGarf_15everscale_types6models7accounts3_1__28RECURSIVE_COUNT_AccountState6___init
FNDA:0,_RNvNvNvNtNtCsdL4DZEAGarf_15everscale_types6models7accounts4_1__28RECURSIVE_COUNT_SpecialFlags6___init
FNDA:0,_RNvNvNvNtNtCsdL4DZEAGarf_15everscale_types6models7accounts5_1__25RECURSIVE_COUNT_SimpleLib6___init
FNDA:0,_RNvNvNvNtNtCsdL4DZEAGarf_15everscale_types6models7accounts_1__32RECURSIVE_COUNT_StorageUsedShort6___init
FNDA:0,_RNvNvNvNtNtCsdL4DZEAGarf_15everscale_types6models7message1__29RECURSIVE_COUNT_MessageLayout6___init
FNDA:0,_RNvNvNvNtNtCsdL4DZEAGarf_15everscale_types6models7messages0_1__23RECURSIVE_COUNT_MsgType6___init
FNDA:0,_RNvNvNvNtNtCsdL4DZEAGarf_15everscale_types6models7messages1_1__23RECURSIVE_COUNT_MsgInfo6___init
FNDA:0,_RNvNvNvNtNtCsdL4DZEAGarf_15everscale_types6models7messages2_1__26RECURSIVE_COUNT_IntMsgInfo6___init
FNDA:0,_RNvNvNvNtNtCsdL4DZEAGarf_15everscale_types6models7messages3_1__33RECURSIVE_COUNT_RelaxedIntMsgInfo6___init
FNDA:0,_RNvNvNvNtNtCsdL4DZEAGarf_15everscale_types6models7messages4_1__28RECURSIVE_COUNT_ExtInMsgInfo6___init
FNDA:0,_RNvNvNvNtNtCsdL4DZEAGarf_15everscale_types6models7messages5_1__29RECURSIVE_COUNT_ExtOutMsgInfo6___init
FNDA:0,_RNvNvNvNtNtCsdL4DZEAGarf_15everscale_types6models7messages6_1__36RECURSIVE_COUNT_RelaxedExtOutMsgInfo6___init
FNDA:0,_RNvNvNvNtNtCsdL4DZEAGarf_15everscale_types6models7messages_1__30RECURSIVE_COUNT_RelaxedMsgInfo6___init
FNDA:1,_RNvNvNvXs8_NtNtNtCsdL4DZEAGarf_15everscale_types4cell9cell_impl2rcNtB9_4CellNtBd_10CellFamily10empty_cell10EMPTY_CELL6___init
FNDA:0,_RNCNkNvNvNtNtCsdL4DZEAGarf_15everscale_types6models7account1__27RECURSIVE_COUNT_StorageUsed00Bb_
FNDA:0,_RNCNkNvNvNtNtCsdL4DZEAGarf_15everscale_types6models7accounts0_1__27RECURSIVE_COUNT_StorageInfo00Bb_
FNDA:0,_RNCNkNvNvNtNtCsdL4DZEAGarf_15everscale_types6models7accounts1_1__29RECURSIVE_COUNT_AccountStatus00Bb_
FNDA:0,_RNCNkNvNvNtNtCsdL4DZEAGarf_15everscale_types6models7accounts2_1__23RECURSIVE_COUNT_Account00Bb_
FNDA:0,_RNCNkNvNvNtNtCsdL4DZEAGarf_15everscale_types6models7accounts3_1__28RECURSIVE_COUNT_AccountState00Bb_
FNDA:0,_RNCNkNvNvNtNtCsdL4DZEAGarf_15everscale_types6models7accounts4_1__28RECURSIVE_COUNT_SpecialFlags00Bb_
FNDA:0,_RNCNkNvNvNtNtCsdL4DZEAGarf_15everscale_types6models7accounts5_1__25RECURSIVE_COUNT_SimpleLib00Bb_
FNDA:0,_RNCNkNvNvNtNtCsdL4DZEAGarf_15everscale_types6models7accounts_1__32RECURSIVE_COUNT_StorageUsedShort00Bb_
FNDA:0,_RNCNkNvNvNtNtCsdL4DZEAGarf_15everscale_types6models7message1__29RECURSIVE_COUNT_MessageLayout00Bb_
FNDA:0,_RNCNkNvNvNtNtCsdL4DZEAGarf_15everscale_types6models7messages0_1__23RECURSIVE_COUNT_MsgType00Bb_
FNDA:0,_RNCNkNvNvNtNtCsdL4DZEAGarf_15everscale_types6models7messages1_1__23RECURSIVE_COUNT_MsgInfo00Bb_
FNDA:0,_RNCNkNvNvNtNtCsdL4DZEAGarf_15everscale_types6models7messages2_1__26RECURSIVE_COUNT_IntMsgInfo00Bb_
FNDA:0,_RNCNkNvNvNtNtCsdL4DZEAGarf_15everscale_types6models7messages3_1__33RECURSIVE_COUNT_RelaxedIntMsgInfo00Bb_
FNDA:0,_RNCNkNvNvNtNtCsdL4DZEAGarf_15everscale_types6models7messages4_1__28RECURSIVE_COUNT_ExtInMsgInfo00Bb_
FNDA:0,_RNCNkNvNvNtNtCsdL4DZEAGarf_15everscale_types6models7messages5_1__29RECURSIVE_COUNT_ExtOutMsgInfo00Bb_
FNDA:0,_RNCNkNvNvNtNtCsdL4DZEAGarf_15everscale_types6models7messages6_1__36RECURSIVE_COUNT_RelaxedExtOutMsgInfo00Bb_
FNDA:0,_RNCNkNvNvNtNtCsdL4DZEAGarf_15everscale_types6models7messages_1__30RECURSIVE_COUNT_RelaxedMsgInfo00Bb_
FNDA:0,_RNCNkNvNvXs8_NtNtNtCsdL4DZEAGarf_15everscale_types4cell9cell_impl2rcNtBb_4CellNtBf_10CellFamily10empty_cell10EMPTY_CELL0s_0Bh_
FNF:5
FNH:4
DA:63,78594888
DA:67,78594888
DA:68,78594888
DA:70,0
DA:73,0
DA:74,0
DA:83,12
DA:84,12
DA:85,12
DA:90,33583337
DA:94,33583337
DA:95,33583337
DA:97,3178
DA:101,3178
DA:102,3178
BRF:0
BRH:0
LF:15
LH:12
end_of_record
SF:/home/odm3n/dev/work/everscale-vm/fuzz/fuzz_targets/vm_opcode_fuzz.rs
FN:10,_RNCNvXNvCscQlb7znvrtA_9vm_opcode1__NtB6_19ArbitraryStackValueNtCs2k73FkEQrbY_9arbitrary9Arbitrary9arbitrarys0_0B6_
FN:10,_RNCNvXNvCscQlb7znvrtA_9vm_opcode1__NtB6_19ArbitraryStackValueNtCs2k73FkEQrbY_9arbitrary9Arbitrary9arbitrarys_0B6_
FN:38,_RNCNvXNvCscQlb7znvrtA_9vm_opcodes_1__NtB6_5InputNtCs2k73FkEQrbY_9arbitrary9Arbitrary19arbitrary_take_rests0_0B6_
FN:38,_RNCNvXNvCscQlb7znvrtA_9vm_opcodes_1__NtB6_5InputNtCs2k73FkEQrbY_9arbitrary9Arbitrary19arbitrary_take_rests_0B6_
FN:20,_RNvCscQlb7znvrtA_9vm_opcode15arbitrary_to_rc
FN:10,_RNCNvXNvCscQlb7znvrtA_9vm_opcode1__NtB6_19ArbitraryStackValueNtCs2k73FkEQrbY_9arbitrary9Arbitrary13try_size_hint0B6_
FN:10,_RNCNvXNvCscQlb7znvrtA_9vm_opcode1__NtB6_19ArbitraryStackValueNtCs2k73FkEQrbY_9arbitrary9Arbitrary19arbitrary_take_rests0_0B6_
FN:10,_RNCNvXNvCscQlb7znvrtA_9vm_opcode1__NtB6_19ArbitraryStackValueNtCs2k73FkEQrbY_9arbitrary9Arbitrary19arbitrary_take_rests_0B6_
FN:38,_RNCNvXNvCscQlb7znvrtA_9vm_opcodes_1__NtB6_5InputNtCs2k73FkEQrbY_9arbitrary9Arbitrary9arbitrarys0_0B6_
FN:38,_RNCNvXNvCscQlb7znvrtA_9vm_opcodes_1__NtB6_5InputNtCs2k73FkEQrbY_9arbitrary9Arbitrary9arbitrarys_0B6_
FNDA:1589,_RNCNvXNvCscQlb7znvrtA_9vm_opcode1__NtB6_19ArbitraryStackValueNtCs2k73FkEQrbY_9arbitrary9Arbitrary9arbitrarys0_0B6_
FNDA:0,_RNCNvXNvCscQlb7znvrtA_9vm_opcode1__NtB6_19ArbitraryStackValueNtCs2k73FkEQrbY_9arbitrary9Arbitrary9arbitrarys_0B6_
FNDA:0,_RNCNvXNvCscQlb7znvrtA_9vm_opcodes_1__NtB6_5InputNtCs2k73FkEQrbY_9arbitrary9Arbitrary19arbitrary_take_rests0_0B6_
FNDA:0,_RNCNvXNvCscQlb7znvrtA_9vm_opcodes_1__NtB6_5InputNtCs2k73FkEQrbY_9arbitrary9Arbitrary19arbitrary_take_rests_0B6_
FNDA:198222,_RNvCscQlb7znvrtA_9vm_opcode15arbitrary_to_rc
FNDA:0,_RNCNvXNvCscQlb7znvrtA_9vm_opcode1__NtB6_19ArbitraryStackValueNtCs2k73FkEQrbY_9arbitrary9Arbitrary13try_size_hint0B6_
FNDA:0,_RNCNvXNvCscQlb7znvrtA_9vm_opcode1__NtB6_19ArbitraryStackValueNtCs2k73FkEQrbY_9arbitrary9Arbitrary19arbitrary_take_rests0_0B6_
FNDA:0,_RNCNvXNvCscQlb7znvrtA_9vm_opcode1__NtB6_19ArbitraryStackValueNtCs2k73FkEQrbY_9arbitrary9Arbitrary19arbitrary_take_rests_0B6_
FNDA:0,_RNCNvXNvCscQlb7znvrtA_9vm_opcodes_1__NtB6_5InputNtCs2k73FkEQrbY_9arbitrary9Arbitrary9arbitrarys0_0B6_
FNDA:0,_RNCNvXNvCscQlb7znvrtA_9vm_opcodes_1__NtB6_5InputNtCs2k73FkEQrbY_9arbitrary9Arbitrary9arbitrarys_0B6_
FNF:5
FNH:2
DA:10,1589
DA:20,198222
DA:21,21603
DA:22,78199
DA:23,21603
DA:24,48291
DA:25,4087
DA:26,17716
DA:27,28326
DA:28,28326
DA:29,28326
DA:30,28326
DA:31,28326
DA:32,26471
DA:34,5592
DA:36,198222
DA:38,0
BRF:0
BRH:0
LF:19
LH:16
end_of_record
SF:/home/odm3n/dev/work/everscale-vm/vm/src/cont.rs
FN:490,_RNvXsc_NtCsipbLpstqwUV_8tycho_vm4contNtB5_8QuitContNtNtB7_6saferc10SafeDelete19rc_into_safe_delete
FN:243,_RINvMs1_NtCsipbLpstqwUV_8tycho_vm4contNtB6_11ControlRegs17merge_stack_valueDNtB6_4ContEL_EB8_
FN:243,_RINvMs1_NtCsipbLpstqwUV_8tycho_vm4contNtB6_11ControlRegs17merge_stack_valueINtNtCs8f1B5igIjLM_5alloc3vec3VecINtNtB8_6saferc6SafeRcDNtNtB8_5stack10StackValueEL_EEEB8_
FN:544,_RNCNvXsg_NtCsipbLpstqwUV_8tycho_vm4contNtB7_11ExcQuitContNtB7_4Cont4jump0B9_
FN:28,_RNvMNtCsipbLpstqwUV_8tycho_vm4contNtB2_11ControlData13require_nargs
FN:90,_RNvMs1_NtCsipbLpstqwUV_8tycho_vm4contNtB5_11ControlRegs12is_valid_idx
FN:222,_RNvMs1_NtCsipbLpstqwUV_8tycho_vm4contNtB5_11ControlRegs13get_c7_params
FN:230,_RNvMs1_NtCsipbLpstqwUV_8tycho_vm4contNtB5_11ControlRegs16merge_cell_value
FN:167,_RNvMs1_NtCsipbLpstqwUV_8tycho_vm4contNtB5_11ControlRegs18get_as_stack_value
FN:121,_RNvMs1_NtCsipbLpstqwUV_8tycho_vm4contNtB5_11ControlRegs3set
FN:154,_RNvMs1_NtCsipbLpstqwUV_8tycho_vm4contNtB5_11ControlRegs5get_d
FN:94,_RNvMs1_NtCsipbLpstqwUV_8tycho_vm4contNtB5_11ControlRegs5merge
FN:135,_RNvMs1_NtCsipbLpstqwUV_8tycho_vm4contNtB5_11ControlRegs5set_c
FN:144,_RNvMs1_NtCsipbLpstqwUV_8tycho_vm4contNtB5_11ControlRegs5set_d
FN:199,_RNvMs1_NtCsipbLpstqwUV_8tycho_vm4contNtB5_11ControlRegs6define
FN:163,_RNvMs1_NtCsipbLpstqwUV_8tycho_vm4contNtB5_11ControlRegs6set_c7
FN:104,_RNvMs1_NtCsipbLpstqwUV_8tycho_vm4contNtB5_11ControlRegs8preclear
FN:181,_RNvMs1_NtCsipbLpstqwUV_8tycho_vm4contNtB5_11ControlRegs9define_c0
FN:187,_RNvMs1_NtCsipbLpstqwUV_8tycho_vm4contNtB5_11ControlRegs9define_c1
FN:193,_RNvMs1_NtCsipbLpstqwUV_8tycho_vm4contNtB5_11ControlRegs9define_c2
FN:375,_RNvMs5_NtCsipbLpstqwUV_8tycho_vm4contDNtB5_4ContEL_6has_c0
FN:393,_RNvMs7_NtCsipbLpstqwUV_8tycho_vm4contINtNtB7_6saferc6SafeRcNtB5_11ExcQuitContE13into_dyn_contB7_
FN:393,_RNvMs7_NtCsipbLpstqwUV_8tycho_vm4contINtNtB7_6saferc6SafeRcNtB5_8QuitContE13into_dyn_contB7_
FN:1098,_RNvMsO_NtCsipbLpstqwUV_8tycho_vm4contNtB5_7OrdCont6simple
FN:413,_RNvNtCsipbLpstqwUV_8tycho_vm4cont9load_cont
FN:269,_RNvXNvXs2_NtCsipbLpstqwUV_8tycho_vm4contNtB8_11ControlRegsNtNtNtCsdL4DZEAGarf_15everscale_types4cell7builder5Store10store_intoNtB2_11AsDictValueBU_10store_into
FN:59,_RNvXs0_NtCsipbLpstqwUV_8tycho_vm4contNtB5_11ControlDataNtNtNtCsdL4DZEAGarf_15everscale_types4cell5slice4Load9load_from
FN:259,_RNvXs2_NtCsipbLpstqwUV_8tycho_vm4contNtB5_11ControlRegsNtNtNtCsdL4DZEAGarf_15everscale_types4cell7builder5Store10store_into
FN:301,_RNvXs3_NtCsipbLpstqwUV_8tycho_vm4contNtB5_11ControlRegsNtNtNtCsdL4DZEAGarf_15everscale_types4cell5slice4Load9load_from
FN:339,_RNvXs4_NtCsipbLpstqwUV_8tycho_vm4contNtB5_10ArgContExtNtNtB7_5stack10StackValue11rc_into_dynB7_
FN:366,_RNvXs4_NtCsipbLpstqwUV_8tycho_vm4contNtB5_10ArgContExtNtNtB7_5stack10StackValue12rc_into_contB7_
FN:347,_RNvXs4_NtCsipbLpstqwUV_8tycho_vm4contNtB5_10ArgContExtNtNtB7_5stack10StackValue20store_as_stack_valueB7_
FN:343,_RNvXs4_NtCsipbLpstqwUV_8tycho_vm4contNtB5_10ArgContExtNtNtB7_5stack10StackValue2tyB7_
FN:362,_RNvXs4_NtCsipbLpstqwUV_8tycho_vm4contNtB5_10ArgContExtNtNtB7_5stack10StackValue7as_contB7_
FN:356,_RNvXs4_NtCsipbLpstqwUV_8tycho_vm4contNtB5_10ArgContExtNtNtB7_5stack10StackValue8fmt_dumpB7_
FN:339,_RNvXs4_NtCsipbLpstqwUV_8tycho_vm4contNtB5_10RepeatContNtNtB7_5stack10StackValue11rc_into_dynB7_
FN:366,_RNvXs4_NtCsipbLpstqwUV_8tycho_vm4contNtB5_10RepeatContNtNtB7_5stack10StackValue12rc_into_contB7_
FN:347,_RNvXs4_NtCsipbLpstqwUV_8tycho_vm4contNtB5_10RepeatContNtNtB7_5stack10StackValue20store_as_stack_valueB7_
FN:343,_RNvXs4_NtCsipbLpstqwUV_8tycho_vm4contNtB5_10RepeatContNtNtB7_5stack10StackValue2tyB7_
FN:362,_RNvXs4_NtCsipbLpstqwUV_8tycho_vm4contNtB5_10RepeatContNtNtB7_5stack10StackValue7as_contB7_
FN:356,_RNvXs4_NtCsipbLpstqwUV_8tycho_vm4contNtB5_10RepeatContNtNtB7_5stack10StackValue8fmt_dumpB7_
FN:339,_RNvXs4_NtCsipbLpstqwUV_8tycho_vm4contNtB5_11ExcQuitContNtNtB7_5stack10StackValue11rc_into_dynB7_
FN:366,_RNvXs4_NtCsipbLpstqwUV_8tycho_vm4contNtB5_11ExcQuitContNtNtB7_5stack10StackValue12rc_into_contB7_
FN:347,_RNvXs4_NtCsipbLpstqwUV_8tycho_vm4contNtB5_11ExcQuitContNtNtB7_5stack10StackValue20store_as_stack_valueB7_
FN:343,_RNvXs4_NtCsipbLpstqwUV_8tycho_vm4contNtB5_11ExcQuitContNtNtB7_5stack10StackValue2tyB7_
FN:362,_RNvXs4_NtCsipbLpstqwUV_8tycho_vm4contNtB5_11ExcQuitContNtNtB7_5stack10StackValue7as_contB7_
FN:356,_RNvXs4_NtCsipbLpstqwUV_8tycho_vm4contNtB5_11ExcQuitContNtNtB7_5stack10StackValue8fmt_dumpB7_
FN:339,_RNvXs4_NtCsipbLpstqwUV_8tycho_vm4contNtB5_11PushIntContNtNtB7_5stack10StackValue11rc_into_dynB7_
FN:366,_RNvXs4_NtCsipbLpstqwUV_8tycho_vm4contNtB5_11PushIntContNtNtB7_5stack10StackValue12rc_into_contB7_
FN:347,_RNvXs4_NtCsipbLpstqwUV_8tycho_vm4contNtB5_11PushIntContNtNtB7_5stack10StackValue20store_as_stack_valueB7_
FN:343,_RNvXs4_NtCsipbLpstqwUV_8tycho_vm4contNtB5_11PushIntContNtNtB7_5stack10StackValue2tyB7_
FN:362,_RNvXs4_NtCsipbLpstqwUV_8tycho_vm4contNtB5_11PushIntContNtNtB7_5stack10StackValue7as_contB7_
FN:356,_RNvXs4_NtCsipbLpstqwUV_8tycho_vm4contNtB5_11PushIntContNtNtB7_5stack10StackValue8fmt_dumpB7_
FN:339,_RNvXs4_NtCsipbLpstqwUV_8tycho_vm4contNtB5_7OrdContNtNtB7_5stack10StackValue11rc_into_dynB7_
FN:366,_RNvXs4_NtCsipbLpstqwUV_8tycho_vm4contNtB5_7OrdContNtNtB7_5stack10StackValue12rc_into_contB7_
FN:347,_RNvXs4_NtCsipbLpstqwUV_8tycho_vm4contNtB5_7OrdContNtNtB7_5stack10StackValue20store_as_stack_valueB7_
FN:343,_RNvXs4_NtCsipbLpstqwUV_8tycho_vm4contNtB5_7OrdContNtNtB7_5stack10StackValue2tyB7_
FN:362,_RNvXs4_NtCsipbLpstqwUV_8tycho_vm4contNtB5_7OrdContNtNtB7_5stack10StackValue7as_contB7_
FN:356,_RNvXs4_NtCsipbLpstqwUV_8tycho_vm4contNtB5_7OrdContNtNtB7_5stack10StackValue8fmt_dumpB7_
FN:339,_RNvXs4_NtCsipbLpstqwUV_8tycho_vm4contNtB5_8QuitContNtNtB7_5stack10StackValue11rc_into_dynB7_
FN:366,_RNvXs4_NtCsipbLpstqwUV_8tycho_vm4contNtB5_8QuitContNtNtB7_5stack10StackValue12rc_into_contB7_
FN:347,_RNvXs4_NtCsipbLpstqwUV_8tycho_vm4contNtB5_8QuitContNtNtB7_5stack10StackValue20store_as_stack_valueB7_
FN:343,_RNvXs4_NtCsipbLpstqwUV_8tycho_vm4contNtB5_8QuitContNtNtB7_5stack10StackValue2tyB7_
FN:362,_RNvXs4_NtCsipbLpstqwUV_8tycho_vm4contNtB5_8QuitContNtNtB7_5stack10StackValue7as_contB7_
FN:356,_RNvXs4_NtCsipbLpstqwUV_8tycho_vm4contNtB5_8QuitContNtNtB7_5stack10StackValue8fmt_dumpB7_
FN:339,_RNvXs4_NtCsipbLpstqwUV_8tycho_vm4contNtB5_9AgainContNtNtB7_5stack10StackValue11rc_into_dynB7_
FN:366,_RNvXs4_NtCsipbLpstqwUV_8tycho_vm4contNtB5_9AgainContNtNtB7_5stack10StackValue12rc_into_contB7_
FN:347,_RNvXs4_NtCsipbLpstqwUV_8tycho_vm4contNtB5_9AgainContNtNtB7_5stack10StackValue20store_as_stack_valueB7_
FN:343,_RNvXs4_NtCsipbLpstqwUV_8tycho_vm4contNtB5_9AgainContNtNtB7_5stack10StackValue2tyB7_
FN:362,_RNvXs4_NtCsipbLpstqwUV_8tycho_vm4contNtB5_9AgainContNtNtB7_5stack10StackValue7as_contB7_
FN:356,_RNvXs4_NtCsipbLpstqwUV_8tycho_vm4contNtB5_9AgainContNtNtB7_5stack10StackValue8fmt_dumpB7_
FN:339,_RNvXs4_NtCsipbLpstqwUV_8tycho_vm4contNtB5_9UntilContNtNtB7_5stack10StackValue11rc_into_dynB7_
FN:366,_RNvXs4_NtCsipbLpstqwUV_8tycho_vm4contNtB5_9UntilContNtNtB7_5stack10StackValue12rc_into_contB7_
FN:347,_RNvXs4_NtCsipbLpstqwUV_8tycho_vm4contNtB5_9UntilContNtNtB7_5stack10StackValue20store_as_stack_valueB7_
FN:343,_RNvXs4_NtCsipbLpstqwUV_8tycho_vm4contNtB5_9UntilContNtNtB7_5stack10StackValue2tyB7_
FN:362,_RNvXs4_NtCsipbLpstqwUV_8tycho_vm4contNtB5_9UntilContNtNtB7_5stack10StackValue7as_contB7_
FN:356,_RNvXs4_NtCsipbLpstqwUV_8tycho_vm4contNtB5_9UntilContNtNtB7_5stack10StackValue8fmt_dumpB7_
FN:339,_RNvXs4_NtCsipbLpstqwUV_8tycho_vm4contNtB5_9WhileContNtNtB7_5stack10StackValue11rc_into_dynB7_
FN:366,_RNvXs4_NtCsipbLpstqwUV_8tycho_vm4contNtB5_9WhileContNtNtB7_5stack10StackValue12rc_into_contB7_
FN:347,_RNvXs4_NtCsipbLpstqwUV_8tycho_vm4contNtB5_9WhileContNtNtB7_5stack10StackValue20store_as_stack_valueB7_
FN:343,_RNvXs4_NtCsipbLpstqwUV_8tycho_vm4contNtB5_9WhileContNtNtB7_5stack10StackValue2tyB7_
FN:362,_RNvXs4_NtCsipbLpstqwUV_8tycho_vm4contNtB5_9WhileContNtNtB7_5stack10StackValue7as_contB7_
FN:356,_RNvXs4_NtCsipbLpstqwUV_8tycho_vm4contNtB5_9WhileContNtNtB7_5stack10StackValue8fmt_dumpB7_
FN:386,_RNvXs6_NtCsipbLpstqwUV_8tycho_vm4contDNtB5_4ContEL_NtNtB7_6saferc13SafeRcMakeMut11rc_make_mut
FN:401,_RNvXs8_NtCsipbLpstqwUV_8tycho_vm4contINtNtB7_6saferc6SafeRcDNtB5_4ContEL_EINtNtCscHntIWw2aYb_4core7convert4FromNtB5_10ArgContExtE4fromB7_
FN:401,_RNvXs8_NtCsipbLpstqwUV_8tycho_vm4contINtNtB7_6saferc6SafeRcDNtB5_4ContEL_EINtNtCscHntIWw2aYb_4core7convert4FromNtB5_10RepeatContE4fromB7_
FN:401,_RNvXs8_NtCsipbLpstqwUV_8tycho_vm4contINtNtB7_6saferc6SafeRcDNtB5_4ContEL_EINtNtCscHntIWw2aYb_4core7convert4FromNtB5_11ExcQuitContE4fromB7_
FN:401,_RNvXs8_NtCsipbLpstqwUV_8tycho_vm4contINtNtB7_6saferc6SafeRcDNtB5_4ContEL_EINtNtCscHntIWw2aYb_4core7convert4FromNtB5_11PushIntContE4fromB7_
FN:401,_RNvXs8_NtCsipbLpstqwUV_8tycho_vm4contINtNtB7_6saferc6SafeRcDNtB5_4ContEL_EINtNtCscHntIWw2aYb_4core7convert4FromNtB5_7OrdContE4fromB7_
FN:401,_RNvXs8_NtCsipbLpstqwUV_8tycho_vm4contINtNtB7_6saferc6SafeRcDNtB5_4ContEL_EINtNtCscHntIWw2aYb_4core7convert4FromNtB5_8QuitContE4fromB7_
FN:401,_RNvXs8_NtCsipbLpstqwUV_8tycho_vm4contINtNtB7_6saferc6SafeRcDNtB5_4ContEL_EINtNtCscHntIWw2aYb_4core7convert4FromNtB5_9AgainContE4fromB7_
FN:401,_RNvXs8_NtCsipbLpstqwUV_8tycho_vm4contINtNtB7_6saferc6SafeRcDNtB5_4ContEL_EINtNtCscHntIWw2aYb_4core7convert4FromNtB5_9UntilContE4fromB7_
FN:401,_RNvXs8_NtCsipbLpstqwUV_8tycho_vm4contINtNtB7_6saferc6SafeRcDNtB5_4ContEL_EINtNtCscHntIWw2aYb_4core7convert4FromNtB5_9WhileContE4fromB7_
FN:408,_RNvXs9_NtCsipbLpstqwUV_8tycho_vm4contINtNtB7_6saferc6SafeRcDNtB5_4ContEL_EINtNtCscHntIWw2aYb_4core7convert4FromINtNtCs8f1B5igIjLM_5alloc2rc2RcNtB5_10RepeatContEE4fromB7_
FN:408,_RNvXs9_NtCsipbLpstqwUV_8tycho_vm4contINtNtB7_6saferc6SafeRcDNtB5_4ContEL_EINtNtCscHntIWw2aYb_4core7convert4FromINtNtCs8f1B5igIjLM_5alloc2rc2RcNtB5_9AgainContEE4fromB7_
FN:408,_RNvXs9_NtCsipbLpstqwUV_8tycho_vm4contINtNtB7_6saferc6SafeRcDNtB5_4ContEL_EINtNtCscHntIWw2aYb_4core7convert4FromINtNtCs8f1B5igIjLM_5alloc2rc2RcNtB5_9UntilContEE4fromB7_
FN:408,_RNvXs9_NtCsipbLpstqwUV_8tycho_vm4contINtNtB7_6saferc6SafeRcDNtB5_4ContEL_EINtNtCscHntIWw2aYb_4core7convert4FromINtNtCs8f1B5igIjLM_5alloc2rc2RcNtB5_9WhileContEE4fromB7_
FN:834,_RNvXsA_NtCsipbLpstqwUV_8tycho_vm4contNtB5_9UntilContNtB5_4Cont11rc_into_dyn
FN:838,_RNvXsA_NtCsipbLpstqwUV_8tycho_vm4contNtB5_9UntilContNtB5_4Cont14as_stack_value
FN:843,_RNvXsA_NtCsipbLpstqwUV_8tycho_vm4contNtB5_9UntilContNtB5_4Cont3fmt
FN:851,_RNvXsA_NtCsipbLpstqwUV_8tycho_vm4contNtB5_9UntilContNtB5_4Cont4jump
FN:867,_RNvXsB_NtCsipbLpstqwUV_8tycho_vm4contNtB5_9UntilContNtNtB7_6saferc10SafeDelete19rc_into_safe_delete
FN:873,_RNvXsC_NtCsipbLpstqwUV_8tycho_vm4contNtB5_9UntilContNtNtNtCsdL4DZEAGarf_15everscale_types4cell7builder5Store10store_into
FN:885,_RNvXsD_NtCsipbLpstqwUV_8tycho_vm4contNtB5_9UntilContNtNtNtCsdL4DZEAGarf_15everscale_types4cell5slice4Load9load_from
FN:912,_RNvXsF_NtCsipbLpstqwUV_8tycho_vm4contNtB5_9WhileContNtB5_4Cont11rc_into_dyn
FN:916,_RNvXsF_NtCsipbLpstqwUV_8tycho_vm4contNtB5_9WhileContNtB5_4Cont14as_stack_value
FN:921,_RNvXsF_NtCsipbLpstqwUV_8tycho_vm4contNtB5_9WhileContNtB5_4Cont3fmt
FN:938,_RNvXsF_NtCsipbLpstqwUV_8tycho_vm4contNtB5_9WhileContNtB5_4Cont4jump
FN:972,_RNvXsG_NtCsipbLpstqwUV_8tycho_vm4contNtB5_9WhileContNtNtB7_6saferc10SafeDelete19rc_into_safe_delete
FN:978,_RNvXsH_NtCsipbLpstqwUV_8tycho_vm4contNtB5_9WhileContNtNtNtCsdL4DZEAGarf_15everscale_types4cell7builder5Store10store_into
FN:992,_RNvXsI_NtCsipbLpstqwUV_8tycho_vm4contNtB5_9WhileContNtNtNtCsdL4DZEAGarf_15everscale_types4cell5slice4Load9load_from
FN:1019,_RNvXsK_NtCsipbLpstqwUV_8tycho_vm4contNtB5_10ArgContExtNtB5_4Cont11rc_into_dyn
FN:1023,_RNvXsK_NtCsipbLpstqwUV_8tycho_vm4contNtB5_10ArgContExtNtB5_4Cont14as_stack_value
FN:1048,_RNvXsK_NtCsipbLpstqwUV_8tycho_vm4contNtB5_10ArgContExtNtB5_4Cont16get_control_data
FN:1052,_RNvXsK_NtCsipbLpstqwUV_8tycho_vm4contNtB5_10ArgContExtNtB5_4Cont20get_control_data_mut
FN:1028,_RNvXsK_NtCsipbLpstqwUV_8tycho_vm4contNtB5_10ArgContExtNtB5_4Cont3fmt
FN:1036,_RNvXsK_NtCsipbLpstqwUV_8tycho_vm4contNtB5_10ArgContExtNtB5_4Cont4jump
FN:1059,_RNvXsL_NtCsipbLpstqwUV_8tycho_vm4contNtB5_10ArgContExtNtNtB7_6saferc10SafeDelete19rc_into_safe_delete
FN:1065,_RNvXsM_NtCsipbLpstqwUV_8tycho_vm4contNtB5_10ArgContExtNtNtNtCsdL4DZEAGarf_15everscale_types4cell7builder5Store10store_into
FN:1076,_RNvXsN_NtCsipbLpstqwUV_8tycho_vm4contNtB5_10ArgContExtNtNtNtCsdL4DZEAGarf_15everscale_types4cell5slice4Load9load_from
FN:1111,_RNvXsP_NtCsipbLpstqwUV_8tycho_vm4contNtB5_7OrdContNtB5_4Cont11rc_into_dyn
FN:1115,_RNvXsP_NtCsipbLpstqwUV_8tycho_vm4contNtB5_7OrdContNtB5_4Cont14as_stack_value
FN:1137,_RNvXsP_NtCsipbLpstqwUV_8tycho_vm4contNtB5_7OrdContNtB5_4Cont16get_control_data
FN:1141,_RNvXsP_NtCsipbLpstqwUV_8tycho_vm4contNtB5_7OrdContNtB5_4Cont20get_control_data_mut
FN:1120,_RNvXsP_NtCsipbLpstqwUV_8tycho_vm4contNtB5_7OrdContNtB5_4Cont3fmt
FN:1128,_RNvXsP_NtCsipbLpstqwUV_8tycho_vm4contNtB5_7OrdContNtB5_4Cont4jump
FN:1148,_RNvXsQ_NtCsipbLpstqwUV_8tycho_vm4contNtB5_7OrdContNtNtB7_6saferc10SafeDelete19rc_into_safe_delete
FN:1154,_RNvXsR_NtCsipbLpstqwUV_8tycho_vm4contNtB5_7OrdContNtNtNtCsdL4DZEAGarf_15everscale_types4cell7builder5Store10store_into
FN:1166,_RNvXsS_NtCsipbLpstqwUV_8tycho_vm4contNtB5_7OrdContNtNtNtCsdL4DZEAGarf_15everscale_types4cell5slice4Load9load_from
FN:37,_RNvXs_NtCsipbLpstqwUV_8tycho_vm4contNtB4_11ControlDataNtNtNtCsdL4DZEAGarf_15everscale_types4cell7builder5Store10store_into
FN:465,_RNvXsb_NtCsipbLpstqwUV_8tycho_vm4contNtB5_8QuitContNtB5_4Cont11rc_into_dyn
FN:469,_RNvXsb_NtCsipbLpstqwUV_8tycho_vm4contNtB5_8QuitContNtB5_4Cont14as_stack_value
FN:474,_RNvXsb_NtCsipbLpstqwUV_8tycho_vm4contNtB5_8QuitContNtB5_4Cont3fmt
FN:482,_RNvXsb_NtCsipbLpstqwUV_8tycho_vm4contNtB5_8QuitContNtB5_4Cont4jump
FN:496,_RNvXsd_NtCsipbLpstqwUV_8tycho_vm4contNtB5_8QuitContNtNtNtCsdL4DZEAGarf_15everscale_types4cell7builder5Store10store_into
FN:503,_RNvXse_NtCsipbLpstqwUV_8tycho_vm4contNtB5_8QuitContNtNtNtCsdL4DZEAGarf_15everscale_types4cell5slice4Load9load_from
FN:524,_RNvXsg_NtCsipbLpstqwUV_8tycho_vm4contNtB5_11ExcQuitContNtB5_4Cont11rc_into_dyn
FN:528,_RNvXsg_NtCsipbLpstqwUV_8tycho_vm4contNtB5_11ExcQuitContNtB5_4Cont14as_stack_value
FN:533,_RNvXsg_NtCsipbLpstqwUV_8tycho_vm4contNtB5_11ExcQuitContNtB5_4Cont3fmt
FN:541,_RNvXsg_NtCsipbLpstqwUV_8tycho_vm4contNtB5_11ExcQuitContNtB5_4Cont4jump
FN:553,_RNvXsh_NtCsipbLpstqwUV_8tycho_vm4contNtB5_11ExcQuitContNtNtB7_6saferc10SafeDelete19rc_into_safe_delete
FN:559,_RNvXsi_NtCsipbLpstqwUV_8tycho_vm4contNtB5_11ExcQuitContNtNtNtCsdL4DZEAGarf_15everscale_types4cell7builder5Store10store_into
FN:566,_RNvXsj_NtCsipbLpstqwUV_8tycho_vm4contNtB5_11ExcQuitContNtNtNtCsdL4DZEAGarf_15everscale_types4cell5slice4Load9load_from
FN:588,_RNvXsl_NtCsipbLpstqwUV_8tycho_vm4contNtB5_11PushIntContNtB5_4Cont11rc_into_dyn
FN:592,_RNvXsl_NtCsipbLpstqwUV_8tycho_vm4contNtB5_11PushIntContNtB5_4Cont14as_stack_value
FN:597,_RNvXsl_NtCsipbLpstqwUV_8tycho_vm4contNtB5_11PushIntContNtB5_4Cont3fmt
FN:610,_RNvXsl_NtCsipbLpstqwUV_8tycho_vm4contNtB5_11PushIntContNtB5_4Cont4jump
FN:621,_RNvXsm_NtCsipbLpstqwUV_8tycho_vm4contNtB5_11PushIntContNtNtB7_6saferc10SafeDelete19rc_into_safe_delete
FN:627,_RNvXsn_NtCsipbLpstqwUV_8tycho_vm4contNtB5_11PushIntContNtNtNtCsdL4DZEAGarf_15everscale_types4cell7builder5Store10store_into
FN:639,_RNvXso_NtCsipbLpstqwUV_8tycho_vm4contNtB5_11PushIntContNtNtNtCsdL4DZEAGarf_15everscale_types4cell5slice4Load9load_from
FN:667,_RNvXsq_NtCsipbLpstqwUV_8tycho_vm4contNtB5_10RepeatContNtB5_4Cont11rc_into_dyn
FN:671,_RNvXsq_NtCsipbLpstqwUV_8tycho_vm4contNtB5_10RepeatContNtB5_4Cont14as_stack_value
FN:676,_RNvXsq_NtCsipbLpstqwUV_8tycho_vm4contNtB5_10RepeatContNtB5_4Cont3fmt
FN:689,_RNvXsq_NtCsipbLpstqwUV_8tycho_vm4contNtB5_10RepeatContNtB5_4Cont4jump
FN:716,_RNvXsr_NtCsipbLpstqwUV_8tycho_vm4contNtB5_10RepeatContNtNtB7_6saferc10SafeDelete19rc_into_safe_delete
FN:722,_RNvXss_NtCsipbLpstqwUV_8tycho_vm4contNtB5_10RepeatContNtNtNtCsdL4DZEAGarf_15everscale_types4cell7builder5Store10store_into
FN:738,_RNvXst_NtCsipbLpstqwUV_8tycho_vm4contNtB5_10RepeatContNtNtNtCsdL4DZEAGarf_15everscale_types4cell5slice4Load9load_from
FN:766,_RNvXsv_NtCsipbLpstqwUV_8tycho_vm4contNtB5_9AgainContNtB5_4Cont11rc_into_dyn
FN:770,_RNvXsv_NtCsipbLpstqwUV_8tycho_vm4contNtB5_9AgainContNtB5_4Cont14as_stack_value
FN:775,_RNvXsv_NtCsipbLpstqwUV_8tycho_vm4contNtB5_9AgainContNtB5_4Cont3fmt
FN:783,_RNvXsv_NtCsipbLpstqwUV_8tycho_vm4contNtB5_9AgainContNtB5_4Cont4jump
FN:793,_RNvXsw_NtCsipbLpstqwUV_8tycho_vm4contNtB5_9AgainContNtNtB7_6saferc10SafeDelete19rc_into_safe_delete
FN:799,_RNvXsx_NtCsipbLpstqwUV_8tycho_vm4contNtB5_9AgainContNtNtNtCsdL4DZEAGarf_15everscale_types4cell7builder5Store10store_into
FN:810,_RNvXsy_NtCsipbLpstqwUV_8tycho_vm4contNtB5_9AgainContNtNtNtCsdL4DZEAGarf_15everscale_types4cell5slice4Load9load_from
FN:328,_RNvYNtNtCsipbLpstqwUV_8tycho_vm4cont10RepeatContNtB4_4Cont16get_control_dataB6_
FN:332,_RNvYNtNtCsipbLpstqwUV_8tycho_vm4cont10RepeatContNtB4_4Cont20get_control_data_mutB6_
FN:328,_RNvYNtNtCsipbLpstqwUV_8tycho_vm4cont11ExcQuitContNtB4_4Cont16get_control_dataB6_
FN:332,_RNvYNtNtCsipbLpstqwUV_8tycho_vm4cont11ExcQuitContNtB4_4Cont20get_control_data_mutB6_
FN:328,_RNvYNtNtCsipbLpstqwUV_8tycho_vm4cont11PushIntContNtB4_4Cont16get_control_dataB6_
FN:332,_RNvYNtNtCsipbLpstqwUV_8tycho_vm4cont11PushIntContNtB4_4Cont20get_control_data_mutB6_
FN:328,_RNvYNtNtCsipbLpstqwUV_8tycho_vm4cont8QuitContNtB4_4Cont16get_control_dataB6_
FN:332,_RNvYNtNtCsipbLpstqwUV_8tycho_vm4cont8QuitContNtB4_4Cont20get_control_data_mutB6_
FN:328,_RNvYNtNtCsipbLpstqwUV_8tycho_vm4cont9AgainContNtB4_4Cont16get_control_dataB6_
FN:332,_RNvYNtNtCsipbLpstqwUV_8tycho_vm4cont9AgainContNtB4_4Cont20get_control_data_mutB6_
FN:328,_RNvYNtNtCsipbLpstqwUV_8tycho_vm4cont9UntilContNtB4_4Cont16get_control_dataB6_
FN:332,_RNvYNtNtCsipbLpstqwUV_8tycho_vm4cont9UntilContNtB4_4Cont20get_control_data_mutB6_
FN:328,_RNvYNtNtCsipbLpstqwUV_8tycho_vm4cont9WhileContNtB4_4Cont16get_control_dataB6_
FN:332,_RNvYNtNtCsipbLpstqwUV_8tycho_vm4cont9WhileContNtB4_4Cont20get_control_data_mutB6_
FNDA:3,_RNvXsc_NtCsipbLpstqwUV_8tycho_vm4contNtB5_8QuitContNtNtB7_6saferc10SafeDelete19rc_into_safe_delete
FNDA:126521664,_RINvMs1_NtCsipbLpstqwUV_8tycho_vm4contNtB6_11ControlRegs17merge_stack_valueDNtB6_4ContEL_EB8_
FNDA:31630416,_RINvMs1_NtCsipbLpstqwUV_8tycho_vm4contNtB6_11ControlRegs17merge_stack_valueINtNtCs8f1B5igIjLM_5alloc3vec3VecINtNtB8_6saferc6SafeRcDNtNtB8_5stack10StackValueEL_EEEB8_
FNDA:4615,_RNCNvXsg_NtCsipbLpstqwUV_8tycho_vm4contNtB7_11ExcQuitContNtB7_4Cont4jump0B9_
FNDA:375558,_RNvMNtCsipbLpstqwUV_8tycho_vm4contNtB2_11ControlData13require_nargs
FNDA:4618954,_RNvMs1_NtCsipbLpstqwUV_8tycho_vm4contNtB5_11ControlRegs12is_valid_idx
FNDA:201710,_RNvMs1_NtCsipbLpstqwUV_8tycho_vm4contNtB5_11ControlRegs13get_c7_params
FNDA:63260832,_RNvMs1_NtCsipbLpstqwUV_8tycho_vm4contNtB5_11ControlRegs16merge_cell_value
FNDA:3702161,_RNvMs1_NtCsipbLpstqwUV_8tycho_vm4contNtB5_11ControlRegs18get_as_stack_value
FNDA:1209042,_RNvMs1_NtCsipbLpstqwUV_8tycho_vm4contNtB5_11ControlRegs3set
FNDA:50825,_RNvMs1_NtCsipbLpstqwUV_8tycho_vm4contNtB5_11ControlRegs5get_d
FNDA:31630416,_RNvMs1_NtCsipbLpstqwUV_8tycho_vm4contNtB5_11ControlRegs5merge
FNDA:0,_RNvMs1_NtCsipbLpstqwUV_8tycho_vm4contNtB5_11ControlRegs5set_c
FNDA:50406,_RNvMs1_NtCsipbLpstqwUV_8tycho_vm4contNtB5_11ControlRegs5set_d
FNDA:1475766,_RNvMs1_NtCsipbLpstqwUV_8tycho_vm4contNtB5_11ControlRegs6define
FNDA:0,_RNvMs1_NtCsipbLpstqwUV_8tycho_vm4contNtB5_11ControlRegs6set_c7
FNDA:23983023,_RNvMs1_NtCsipbLpstqwUV_8tycho_vm4contNtB5_11ControlRegs8preclear
FNDA:258156,_RNvMs1_NtCsipbLpstqwUV_8tycho_vm4contNtB5_11ControlRegs9define_c0
FNDA:338826,_RNvMs1_NtCsipbLpstqwUV_8tycho_vm4contNtB5_11ControlRegs9define_c1
FNDA:667587,_RNvMs1_NtCsipbLpstqwUV_8tycho_vm4contNtB5_11ControlRegs9define_c2
FNDA:24932296,_RNvMs5_NtCsipbLpstqwUV_8tycho_vm4contDNtB5_4ContEL_6has_c0
FNDA:815459,_RNvMs7_NtCsipbLpstqwUV_8tycho_vm4contINtNtB7_6saferc6SafeRcNtB5_11ExcQuitContE13into_dyn_contB7_
FNDA:23973183,_RNvMs7_NtCsipbLpstqwUV_8tycho_vm4contINtNtB7_6saferc6SafeRcNtB5_8QuitContE13into_dyn_contB7_
FNDA:7089938,_RNvMsO_NtCsipbLpstqwUV_8tycho_vm4contNtB5_7OrdCont6simple
FNDA:0,_RNvNtCsipbLpstqwUV_8tycho_vm4cont9load_cont
FNDA:0,_RNvXNvXs2_NtCsipbLpstqwUV_8tycho_vm4contNtB8_11ControlRegsNtNtNtCsdL4DZEAGarf_15everscale_types4cell7builder5Store10store_intoNtB2_11AsDictValueBU_10store_into
FNDA:0,_RNvXs0_NtCsipbLpstqwUV_8tycho_vm4contNtB5_11ControlDataNtNtNtCsdL4DZEAGarf_15everscale_types4cell5slice4Load9load_from
FNDA:0,_RNvXs2_NtCsipbLpstqwUV_8tycho_vm4contNtB5_11ControlRegsNtNtNtCsdL4DZEAGarf_15everscale_types4cell7builder5Store10store_into
FNDA:0,_RNvXs3_NtCsipbLpstqwUV_8tycho_vm4contNtB5_11ControlRegsNtNtNtCsdL4DZEAGarf_15everscale_types4cell5slice4Load9load_from
FNDA:398444,_RNvXs4_NtCsipbLpstqwUV_8tycho_vm4contNtB5_10ArgContExtNtNtB7_5stack10StackValue11rc_into_dynB7_
FNDA:411135,_RNvXs4_NtCsipbLpstqwUV_8tycho_vm4contNtB5_10ArgContExtNtNtB7_5stack10StackValue12rc_into_contB7_
FNDA:0,_RNvXs4_NtCsipbLpstqwUV_8tycho_vm4contNtB5_10ArgContExtNtNtB7_5stack10StackValue20store_as_stack_valueB7_
FNDA:24145,_RNvXs4_NtCsipbLpstqwUV_8tycho_vm4contNtB5_10ArgContExtNtNtB7_5stack10StackValue2tyB7_
FNDA:0,_RNvXs4_NtCsipbLpstqwUV_8tycho_vm4contNtB5_10ArgContExtNtNtB7_5stack10StackValue7as_contB7_
FNDA:0,_RNvXs4_NtCsipbLpstqwUV_8tycho_vm4contNtB5_10ArgContExtNtNtB7_5stack10StackValue8fmt_dumpB7_
FNDA:916086,_RNvXs4_NtCsipbLpstqwUV_8tycho_vm4contNtB5_10RepeatContNtNtB7_5stack10StackValue11rc_into_dynB7_
FNDA:976544,_RNvXs4_NtCsipbLpstqwUV_8tycho_vm4contNtB5_10RepeatContNtNtB7_5stack10StackValue12rc_into_contB7_
FNDA:0,_RNvXs4_NtCsipbLpstqwUV_8tycho_vm4contNtB5_10RepeatContNtNtB7_5stack10StackValue20store_as_stack_valueB7_
FNDA:108679,_RNvXs4_NtCsipbLpstqwUV_8tycho_vm4contNtB5_10RepeatContNtNtB7_5stack10StackValue2tyB7_
FNDA:0,_RNvXs4_NtCsipbLpstqwUV_8tycho_vm4contNtB5_10RepeatContNtNtB7_5stack10StackValue7as_contB7_
FNDA:0,_RNvXs4_NtCsipbLpstqwUV_8tycho_vm4contNtB5_10RepeatContNtNtB7_5stack10StackValue8fmt_dumpB7_
FNDA:38157,_RNvXs4_NtCsipbLpstqwUV_8tycho_vm4contNtB5_11ExcQuitContNtNtB7_5stack10StackValue11rc_into_dynB7_
FNDA:110961,_RNvXs4_NtCsipbLpstqwUV_8tycho_vm4contNtB5_11ExcQuitContNtNtB7_5stack10StackValue12rc_into_contB7_
FNDA:0,_RNvXs4_NtCsipbLpstqwUV_8tycho_vm4contNtB5_11ExcQuitContNtNtB7_5stack10StackValue20store_as_stack_valueB7_
FNDA:15182,_RNvXs4_NtCsipbLpstqwUV_8tycho_vm4contNtB5_11ExcQuitContNtNtB7_5stack10StackValue2tyB7_
FNDA:0,_RNvXs4_NtCsipbLpstqwUV_8tycho_vm4contNtB5_11ExcQuitContNtNtB7_5stack10StackValue7as_contB7_
FNDA:0,_RNvXs4_NtCsipbLpstqwUV_8tycho_vm4contNtB5_11ExcQuitContNtNtB7_5stack10StackValue8fmt_dumpB7_
FNDA:15683,_RNvXs4_NtCsipbLpstqwUV_8tycho_vm4contNtB5_11PushIntContNtNtB7_5stack10StackValue11rc_into_dynB7_
FNDA:38428,_RNvXs4_NtCsipbLpstqwUV_8tycho_vm4contNtB5_11PushIntContNtNtB7_5stack10StackValue12rc_into_contB7_
FNDA:0,_RNvXs4_NtCsipbLpstqwUV_8tycho_vm4contNtB5_11PushIntContNtNtB7_5stack10StackValue20store_as_stack_valueB7_
FNDA:8417,_RNvXs4_NtCsipbLpstqwUV_8tycho_vm4contNtB5_11PushIntContNtNtB7_5stack10StackValue2tyB7_
FNDA:0,_RNvXs4_NtCsipbLpstqwUV_8tycho_vm4contNtB5_11PushIntContNtNtB7_5stack10StackValue7as_contB7_
FNDA:0,_RNvXs4_NtCsipbLpstqwUV_8tycho_vm4contNtB5_11PushIntContNtNtB7_5stack10StackValue8fmt_dumpB7_
FNDA:4551716,_RNvXs4_NtCsipbLpstqwUV_8tycho_vm4contNtB5_7OrdContNtNtB7_5stack10StackValue11rc_into_dynB7_
FNDA:3546523,_RNvXs4_NtCsipbLpstqwUV_8tycho_vm4contNtB5_7OrdContNtNtB7_5stack10StackValue12rc_into_contB7_
FNDA:0,_RNvXs4_NtCsipbLpstqwUV_8tycho_vm4contNtB5_7OrdContNtNtB7_5stack10StackValue20store_as_stack_valueB7_
FNDA:274961,_RNvXs4_NtCsipbLpstqwUV_8tycho_vm4contNtB5_7OrdContNtNtB7_5stack10StackValue2tyB7_
FNDA:0,_RNvXs4_NtCsipbLpstqwUV_8tycho_vm4contNtB5_7OrdContNtNtB7_5stack10StackValue7as_contB7_
FNDA:0,_RNvXs4_NtCsipbLpstqwUV_8tycho_vm4contNtB5_7OrdContNtNtB7_5stack10StackValue8fmt_dumpB7_
FNDA:169236,_RNvXs4_NtCsipbLpstqwUV_8tycho_vm4contNtB5_8QuitContNtNtB7_5stack10StackValue11rc_into_dynB7_
FNDA:285117,_RNvXs4_NtCsipbLpstqwUV_8tycho_vm4contNtB5_8QuitContNtNtB7_5stack10StackValue12rc_into_contB7_
FNDA:0,_RNvXs4_NtCsipbLpstqwUV_8tycho_vm4contNtB5_8QuitContNtNtB7_5stack10StackValue20store_as_stack_valueB7_
FNDA:35638,_RNvXs4_NtCsipbLpstqwUV_8tycho_vm4contNtB5_8QuitContNtNtB7_5stack10StackValue2tyB7_
FNDA:0,_RNvXs4_NtCsipbLpstqwUV_8tycho_vm4contNtB5_8QuitContNtNtB7_5stack10StackValue7as_contB7_
FNDA:0,_RNvXs4_NtCsipbLpstqwUV_8tycho_vm4contNtB5_8QuitContNtNtB7_5stack10StackValue8fmt_dumpB7_
FNDA:871709,_RNvXs4_NtCsipbLpstqwUV_8tycho_vm4contNtB5_9AgainContNtNtB7_5stack10StackValue11rc_into_dynB7_
FNDA:688696,_RNvXs4_NtCsipbLpstqwUV_8tycho_vm4contNtB5_9AgainContNtNtB7_5stack10StackValue12rc_into_contB7_
FNDA:0,_RNvXs4_NtCsipbLpstqwUV_8tycho_vm4contNtB5_9AgainContNtNtB7_5stack10StackValue20store_as_stack_valueB7_
FNDA:92150,_RNvXs4_NtCsipbLpstqwUV_8tycho_vm4contNtB5_9AgainContNtNtB7_5stack10StackValue2tyB7_
FNDA:0,_RNvXs4_NtCsipbLpstqwUV_8tycho_vm4contNtB5_9AgainContNtNtB7_5stack10StackValue7as_contB7_
FNDA:0,_RNvXs4_NtCsipbLpstqwUV_8tycho_vm4contNtB5_9AgainContNtNtB7_5stack10StackValue8fmt_dumpB7_
FNDA:139748,_RNvXs4_NtCsipbLpstqwUV_8tycho_vm4contNtB5_9UntilContNtNtB7_5stack10StackValue11rc_into_dynB7_
FNDA:73248,_RNvXs4_NtCsipbLpstqwUV_8tycho_vm4contNtB5_9UntilContNtNtB7_5stack10StackValue12rc_into_contB7_
FNDA:0,_RNvXs4_NtCsipbLpstqwUV_8tycho_vm4contNtB5_9UntilContNtNtB7_5stack10StackValue20store_as_stack_valueB7_
FNDA:54122,_RNvXs4_NtCsipbLpstqwUV_8tycho_vm4contNtB5_9UntilContNtNtB7_5stack10StackValue2tyB7_
FNDA:0,_RNvXs4_NtCsipbLpstqwUV_8tycho_vm4contNtB5_9UntilContNtNtB7_5stack10StackValue7as_contB7_
FNDA:0,_RNvXs4_NtCsipbLpstqwUV_8tycho_vm4contNtB5_9UntilContNtNtB7_5stack10StackValue8fmt_dumpB7_
FNDA:133879,_RNvXs4_NtCsipbLpstqwUV_8tycho_vm4contNtB5_9WhileContNtNtB7_5stack10StackValue11rc_into_dynB7_
FNDA:60863,_RNvXs4_NtCsipbLpstqwUV_8tycho_vm4contNtB5_9WhileContNtNtB7_5stack10StackValue12rc_into_contB7_
FNDA:0,_RNvXs4_NtCsipbLpstqwUV_8tycho_vm4contNtB5_9WhileContNtNtB7_5stack10StackValue20store_as_stack_valueB7_
FNDA:43395,_RNvXs4_NtCsipbLpstqwUV_8tycho_vm4contNtB5_9WhileContNtNtB7_5stack10StackValue2tyB7_
FNDA:0,_RNvXs4_NtCsipbLpstqwUV_8tycho_vm4contNtB5_9WhileContNtNtB7_5stack10StackValue7as_contB7_
FNDA:0,_RNvXs4_NtCsipbLpstqwUV_8tycho_vm4contNtB5_9WhileContNtNtB7_5stack10StackValue8fmt_dumpB7_
FNDA:1871398,_RNvXs6_NtCsipbLpstqwUV_8tycho_vm4contDNtB5_4ContEL_NtNtB7_6saferc13SafeRcMakeMut11rc_make_mut
FNDA:1133738,_RNvXs8_NtCsipbLpstqwUV_8tycho_vm4contINtNtB7_6saferc6SafeRcDNtB5_4ContEL_EINtNtCscHntIWw2aYb_4core7convert4FromNtB5_10ArgContExtE4fromB7_
FNDA:3569272,_RNvXs8_NtCsipbLpstqwUV_8tycho_vm4contINtNtB7_6saferc6SafeRcDNtB5_4ContEL_EINtNtCscHntIWw2aYb_4core7convert4FromNtB5_10RepeatContE4fromB7_
FNDA:0,_RNvXs8_NtCsipbLpstqwUV_8tycho_vm4contINtNtB7_6saferc6SafeRcDNtB5_4ContEL_EINtNtCscHntIWw2aYb_4core7convert4FromNtB5_11ExcQuitContE4fromB7_
FNDA:314730,_RNvXs8_NtCsipbLpstqwUV_8tycho_vm4contINtNtB7_6saferc6SafeRcDNtB5_4ContEL_EINtNtCscHntIWw2aYb_4core7convert4FromNtB5_11PushIntContE4fromB7_
FNDA:6687808,_RNvXs8_NtCsipbLpstqwUV_8tycho_vm4contINtNtB7_6saferc6SafeRcDNtB5_4ContEL_EINtNtCscHntIWw2aYb_4core7convert4FromNtB5_7OrdContE4fromB7_
FNDA:0,_RNvXs8_NtCsipbLpstqwUV_8tycho_vm4contINtNtB7_6saferc6SafeRcDNtB5_4ContEL_EINtNtCscHntIWw2aYb_4core7convert4FromNtB5_8QuitContE4fromB7_
FNDA:239745,_RNvXs8_NtCsipbLpstqwUV_8tycho_vm4contINtNtB7_6saferc6SafeRcDNtB5_4ContEL_EINtNtCscHntIWw2aYb_4core7convert4FromNtB5_9AgainContE4fromB7_
FNDA:1062193,_RNvXs8_NtCsipbLpstqwUV_8tycho_vm4contINtNtB7_6saferc6SafeRcDNtB5_4ContEL_EINtNtCscHntIWw2aYb_4core7convert4FromNtB5_9UntilContE4fromB7_
FNDA:507932,_RNvXs8_NtCsipbLpstqwUV_8tycho_vm4contINtNtB7_6saferc6SafeRcDNtB5_4ContEL_EINtNtCscHntIWw2aYb_4core7convert4FromNtB5_9WhileContE4fromB7_
FNDA:7721357,_RNvXs9_NtCsipbLpstqwUV_8tycho_vm4contINtNtB7_6saferc6SafeRcDNtB5_4ContEL_EINtNtCscHntIWw2aYb_4core7convert4FromINtNtCs8f1B5igIjLM_5alloc2rc2RcNtB5_10RepeatContEE4fromB7_
FNDA:11451889,_RNvXs9_NtCsipbLpstqwUV_8tycho_vm4contINtNtB7_6saferc6SafeRcDNtB5_4ContEL_EINtNtCscHntIWw2aYb_4core7convert4FromINtNtCs8f1B5igIjLM_5alloc2rc2RcNtB5_9AgainContEE4fromB7_
FNDA:1621557,_RNvXs9_NtCsipbLpstqwUV_8tycho_vm4contINtNtB7_6saferc6SafeRcDNtB5_4ContEL_EINtNtCscHntIWw2aYb_4core7convert4FromINtNtCs8f1B5igIjLM_5alloc2rc2RcNtB5_9UntilContEE4fromB7_
FNDA:397565,_RNvXs9_NtCsipbLpstqwUV_8tycho_vm4contINtNtB7_6saferc6SafeRcDNtB5_4ContEL_EINtNtCscHntIWw2aYb_4core7convert4FromINtNtCs8f1B5igIjLM_5alloc2rc2RcNtB5_9WhileContEE4fromB7_
FNDA:156336,_RNvXsA_NtCsipbLpstqwUV_8tycho_vm4contNtB5_9UntilContNtB5_4Cont11rc_into_dyn
FNDA:0,_RNvXsA_NtCsipbLpstqwUV_8tycho_vm4contNtB5_9UntilContNtB5_4Cont14as_stack_value
FNDA:0,_RNvXsA_NtCsipbLpstqwUV_8tycho_vm4contNtB5_9UntilContNtB5_4Cont3fmt
FNDA:2377994,_RNvXsA_NtCsipbLpstqwUV_8tycho_vm4contNtB5_9UntilContNtB5_4Cont4jump
FNDA:539629,_RNvXsB_NtCsipbLpstqwUV_8tycho_vm4contNtB5_9UntilContNtNtB7_6saferc10SafeDelete19rc_into_safe_delete
FNDA:0,_RNvXsC_NtCsipbLpstqwUV_8tycho_vm4contNtB5_9UntilContNtNtNtCsdL4DZEAGarf_15everscale_types4cell7builder5Store10store_into
FNDA:0,_RNvXsD_NtCsipbLpstqwUV_8tycho_vm4contNtB5_9UntilContNtNtNtCsdL4DZEAGarf_15everscale_types4cell5slice4Load9load_from
FNDA:140698,_RNvXsF_NtCsipbLpstqwUV_8tycho_vm4contNtB5_9WhileContNtB5_4Cont11rc_into_dyn
FNDA:0,_RNvXsF_NtCsipbLpstqwUV_8tycho_vm4contNtB5_9WhileContNtB5_4Cont14as_stack_value
FNDA:0,_RNvXsF_NtCsipbLpstqwUV_8tycho_vm4contNtB5_9WhileContNtB5_4Cont3fmt
FNDA:578502,_RNvXsF_NtCsipbLpstqwUV_8tycho_vm4contNtB5_9WhileContNtB5_4Cont4jump
FNDA:459220,_RNvXsG_NtCsipbLpstqwUV_8tycho_vm4contNtB5_9WhileContNtNtB7_6saferc10SafeDelete19rc_into_safe_delete
FNDA:0,_RNvXsH_NtCsipbLpstqwUV_8tycho_vm4contNtB5_9WhileContNtNtNtCsdL4DZEAGarf_15everscale_types4cell7builder5Store10store_into
FNDA:0,_RNvXsI_NtCsipbLpstqwUV_8tycho_vm4contNtB5_9WhileContNtNtNtCsdL4DZEAGarf_15everscale_types4cell5slice4Load9load_from
FNDA:604379,_RNvXsK_NtCsipbLpstqwUV_8tycho_vm4contNtB5_10ArgContExtNtB5_4Cont11rc_into_dyn
FNDA:0,_RNvXsK_NtCsipbLpstqwUV_8tycho_vm4contNtB5_10ArgContExtNtB5_4Cont14as_stack_value
FNDA:1749365,_RNvXsK_NtCsipbLpstqwUV_8tycho_vm4contNtB5_10ArgContExtNtB5_4Cont16get_control_data
FNDA:1690538,_RNvXsK_NtCsipbLpstqwUV_8tycho_vm4contNtB5_10ArgContExtNtB5_4Cont20get_control_data_mut
FNDA:0,_RNvXsK_NtCsipbLpstqwUV_8tycho_vm4contNtB5_10ArgContExtNtB5_4Cont3fmt
FNDA:853242,_RNvXsK_NtCsipbLpstqwUV_8tycho_vm4contNtB5_10ArgContExtNtB5_4Cont4jump
FNDA:1015134,_RNvXsL_NtCsipbLpstqwUV_8tycho_vm4contNtB5_10ArgContExtNtNtB7_6saferc10SafeDelete19rc_into_safe_delete
FNDA:0,_RNvXsM_NtCsipbLpstqwUV_8tycho_vm4contNtB5_10ArgContExtNtNtNtCsdL4DZEAGarf_15everscale_types4cell7builder5Store10store_into
FNDA:0,_RNvXsN_NtCsipbLpstqwUV_8tycho_vm4contNtB5_10ArgContExtNtNtNtCsdL4DZEAGarf_15everscale_types4cell5slice4Load9load_from
FNDA:618639,_RNvXsP_NtCsipbLpstqwUV_8tycho_vm4contNtB5_7OrdContNtB5_4Cont11rc_into_dyn
FNDA:0,_RNvXsP_NtCsipbLpstqwUV_8tycho_vm4contNtB5_7OrdContNtB5_4Cont14as_stack_value
FNDA:104042849,_RNvXsP_NtCsipbLpstqwUV_8tycho_vm4contNtB5_7OrdContNtB5_4Cont16get_control_data
FNDA:1521867,_RNvXsP_NtCsipbLpstqwUV_8tycho_vm4contNtB5_7OrdContNtB5_4Cont20get_control_data_mut
FNDA:0,_RNvXsP_NtCsipbLpstqwUV_8tycho_vm4contNtB5_7OrdContNtB5_4Cont3fmt
FNDA:30777174,_RNvXsP_NtCsipbLpstqwUV_8tycho_vm4contNtB5_7OrdContNtB5_4Cont4jump
FNDA:9494528,_RNvXsQ_NtCsipbLpstqwUV_8tycho_vm4contNtB5_7OrdContNtNtB7_6saferc10SafeDelete19rc_into_safe_delete
FNDA:0,_RNvXsR_NtCsipbLpstqwUV_8tycho_vm4contNtB5_7OrdContNtNtNtCsdL4DZEAGarf_15everscale_types4cell7builder5Store10store_into
FNDA:0,_RNvXsS_NtCsipbLpstqwUV_8tycho_vm4contNtB5_7OrdContNtNtNtCsdL4DZEAGarf_15everscale_types4cell5slice4Load9load_from
FNDA:0,_RNvXs_NtCsipbLpstqwUV_8tycho_vm4contNtB4_11ControlDataNtNtNtCsdL4DZEAGarf_15everscale_types4cell7builder5Store10store_into
FNDA:379688,_RNvXsb_NtCsipbLpstqwUV_8tycho_vm4contNtB5_8QuitContNtB5_4Cont11rc_into_dyn
FNDA:0,_RNvXsb_NtCsipbLpstqwUV_8tycho_vm4contNtB5_8QuitContNtB5_4Cont14as_stack_value
FNDA:0,_RNvXsb_NtCsipbLpstqwUV_8tycho_vm4contNtB5_8QuitContNtB5_4Cont3fmt
FNDA:92120,_RNvXsb_NtCsipbLpstqwUV_8tycho_vm4contNtB5_8QuitContNtB5_4Cont4jump
FNDA:0,_RNvXsd_NtCsipbLpstqwUV_8tycho_vm4contNtB5_8QuitContNtNtNtCsdL4DZEAGarf_15everscale_types4cell7builder5Store10store_into
FNDA:0,_RNvXse_NtCsipbLpstqwUV_8tycho_vm4contNtB5_8QuitContNtNtNtCsdL4DZEAGarf_15everscale_types4cell5slice4Load9load_from
FNDA:134560,_RNvXsg_NtCsipbLpstqwUV_8tycho_vm4contNtB5_11ExcQuitContNtB5_4Cont11rc_into_dyn
FNDA:0,_RNvXsg_NtCsipbLpstqwUV_8tycho_vm4contNtB5_11ExcQuitContNtB5_4Cont14as_stack_value
FNDA:0,_RNvXsg_NtCsipbLpstqwUV_8tycho_vm4contNtB5_11ExcQuitContNtB5_4Cont3fmt
FNDA:673918,_RNvXsg_NtCsipbLpstqwUV_8tycho_vm4contNtB5_11ExcQuitContNtB5_4Cont4jump
FNDA:1,_RNvXsh_NtCsipbLpstqwUV_8tycho_vm4contNtB5_11ExcQuitContNtNtB7_6saferc10SafeDelete19rc_into_safe_delete
FNDA:0,_RNvXsi_NtCsipbLpstqwUV_8tycho_vm4contNtB5_11ExcQuitContNtNtNtCsdL4DZEAGarf_15everscale_types4cell7builder5Store10store_into
FNDA:0,_RNvXsj_NtCsipbLpstqwUV_8tycho_vm4contNtB5_11ExcQuitContNtNtNtCsdL4DZEAGarf_15everscale_types4cell5slice4Load9load_from
FNDA:18877,_RNvXsl_NtCsipbLpstqwUV_8tycho_vm4contNtB5_11PushIntContNtB5_4Cont11rc_into_dyn
FNDA:0,_RNvXsl_NtCsipbLpstqwUV_8tycho_vm4contNtB5_11PushIntContNtB5_4Cont14as_stack_value
FNDA:0,_RNvXsl_NtCsipbLpstqwUV_8tycho_vm4contNtB5_11PushIntContNtB5_4Cont3fmt
FNDA:99701,_RNvXsl_NtCsipbLpstqwUV_8tycho_vm4contNtB5_11PushIntContNtB5_4Cont4jump
FNDA:298522,_RNvXsm_NtCsipbLpstqwUV_8tycho_vm4contNtB5_11PushIntContNtNtB7_6saferc10SafeDelete19rc_into_safe_delete
FNDA:0,_RNvXsn_NtCsipbLpstqwUV_8tycho_vm4contNtB5_11PushIntContNtNtNtCsdL4DZEAGarf_15everscale_types4cell7builder5Store10store_into
FNDA:0,_RNvXso_NtCsipbLpstqwUV_8tycho_vm4contNtB5_11PushIntContNtNtNtCsdL4DZEAGarf_15everscale_types4cell5slice4Load9load_from
FNDA:1066706,_RNvXsq_NtCsipbLpstqwUV_8tycho_vm4contNtB5_10RepeatContNtB5_4Cont11rc_into_dyn
FNDA:0,_RNvXsq_NtCsipbLpstqwUV_8tycho_vm4contNtB5_10RepeatContNtB5_4Cont14as_stack_value
FNDA:0,_RNvXsq_NtCsipbLpstqwUV_8tycho_vm4contNtB5_10RepeatContNtB5_4Cont3fmt
FNDA:12580447,_RNvXsq_NtCsipbLpstqwUV_8tycho_vm4contNtB5_10RepeatContNtB5_4Cont4jump
FNDA:2705507,_RNvXsr_NtCsipbLpstqwUV_8tycho_vm4contNtB5_10RepeatContNtNtB7_6saferc10SafeDelete19rc_into_safe_delete
FNDA:0,_RNvXss_NtCsipbLpstqwUV_8tycho_vm4contNtB5_10RepeatContNtNtNtCsdL4DZEAGarf_15everscale_types4cell7builder5Store10store_into
FNDA:0,_RNvXst_NtCsipbLpstqwUV_8tycho_vm4contNtB5_10RepeatContNtNtNtCsdL4DZEAGarf_15everscale_types4cell5slice4Load9load_from
FNDA:952865,_RNvXsv_NtCsipbLpstqwUV_8tycho_vm4contNtB5_9AgainContNtB5_4Cont11rc_into_dyn
FNDA:0,_RNvXsv_NtCsipbLpstqwUV_8tycho_vm4contNtB5_9AgainContNtB5_4Cont14as_stack_value
FNDA:0,_RNvXsv_NtCsipbLpstqwUV_8tycho_vm4contNtB5_9AgainContNtB5_4Cont3fmt
FNDA:11477069,_RNvXsv_NtCsipbLpstqwUV_8tycho_vm4contNtB5_9AgainContNtB5_4Cont4jump
FNDA:209996,_RNvXsw_NtCsipbLpstqwUV_8tycho_vm4contNtB5_9AgainContNtNtB7_6saferc10SafeDelete19rc_into_safe_delete
FNDA:0,_RNvXsx_NtCsipbLpstqwUV_8tycho_vm4contNtB5_9AgainContNtNtNtCsdL4DZEAGarf_15everscale_types4cell7builder5Store10store_into
FNDA:0,_RNvXsy_NtCsipbLpstqwUV_8tycho_vm4contNtB5_9AgainContNtNtNtCsdL4DZEAGarf_15everscale_types4cell5slice4Load9load_from
FNDA:13017150,_RNvYNtNtCsipbLpstqwUV_8tycho_vm4cont10RepeatContNtB4_4Cont16get_control_dataB6_
FNDA:0,_RNvYNtNtCsipbLpstqwUV_8tycho_vm4cont10RepeatContNtB4_4Cont20get_control_data_mutB6_
FNDA:677313,_RNvYNtNtCsipbLpstqwUV_8tycho_vm4cont11ExcQuitContNtB4_4Cont16get_control_dataB6_
FNDA:0,_RNvYNtNtCsipbLpstqwUV_8tycho_vm4cont11ExcQuitContNtB4_4Cont20get_control_data_mutB6_
FNDA:129754,_RNvYNtNtCsipbLpstqwUV_8tycho_vm4cont11PushIntContNtB4_4Cont16get_control_dataB6_
FNDA:0,_RNvYNtNtCsipbLpstqwUV_8tycho_vm4cont11PushIntContNtB4_4Cont20get_control_data_mutB6_
FNDA:202698,_RNvYNtNtCsipbLpstqwUV_8tycho_vm4cont8QuitContNtB4_4Cont16get_control_dataB6_
FNDA:0,_RNvYNtNtCsipbLpstqwUV_8tycho_vm4cont8QuitContNtB4_4Cont20get_control_data_mutB6_
FNDA:12160778,_RNvYNtNtCsipbLpstqwUV_8tycho_vm4cont9AgainContNtB4_4Cont16get_control_dataB6_
FNDA:0,_RNvYNtNtCsipbLpstqwUV_8tycho_vm4cont9AgainContNtB4_4Cont20get_control_data_mutB6_
FNDA:2481600,_RNvYNtNtCsipbLpstqwUV_8tycho_vm4cont9UntilContNtB4_4Cont16get_control_dataB6_
FNDA:0,_RNvYNtNtCsipbLpstqwUV_8tycho_vm4cont9UntilContNtB4_4Cont20get_control_data_mutB6_
FNDA:637981,_RNvYNtNtCsipbLpstqwUV_8tycho_vm4cont9WhileContNtB4_4Cont16get_control_dataB6_
FNDA:0,_RNvYNtNtCsipbLpstqwUV_8tycho_vm4cont9WhileContNtB4_4Cont20get_control_data_mutB6_
FNF:105
FNH:57
DA:28,375558
DA:29,29145
DA:30,13343
DA:31,362215
DA:32,362215
DA:33,375558
DA:37,0
DA:38,0
DA:39,0
DA:40,0
DA:41,0
DA:42,0
DA:43,0
DA:44,0
DA:45,0
DA:46,0
DA:48,0
DA:51,0
DA:52,0
DA:53,0
DA:54,0
DA:55,0
DA:59,0
DA:61,0
DA:62,0
DA:63,0
DA:65,0
DA:66,0
DA:67,0
DA:69,0
DA:70,0
DA:72,0
DA:90,4618954
DA:91,4618954
DA:92,4618954
DA:94,31630416
DA:95,126521664
DA:96,126521664
DA:97,126521664
DA:98,63260832
DA:99,63260832
DA:101,31630416
DA:102,31630416
DA:104,23983023
DA:105,95932092
DA:106,95932092
DA:107,764908
DA:108,95167184
DA:110,47966046
DA:111,47966046
DA:112,2376
DA:113,47963670
DA:115,23983023
DA:116,1747
DA:117,23981276
DA:118,23983023
DA:121,1209042
DA:122,1209042
DA:123,1130957
DA:124,78085
DA:125,55376
DA:126,16407
DA:127,22709
DA:128,22709
DA:130,0
DA:132,1100576
DA:133,1209042
DA:135,0
DA:136,0
DA:137,0
DA:138,0
DA:140,0
DA:142,0
DA:144,50406
DA:145,50406
DA:146,50406
DA:147,50406
DA:148,50406
DA:150,0
DA:152,50406
DA:154,50825
DA:155,50825
DA:156,50825
DA:157,50825
DA:159,0
DA:161,50825
DA:163,0
DA:164,0
DA:165,0
DA:167,3702161
DA:168,3702161
DA:169,3321433
DA:170,380728
DA:171,231896
DA:172,231896
DA:173,231896
DA:174,148832
DA:175,145420
DA:177,3412
DA:179,3702161
DA:181,258156
DA:182,258156
DA:183,191418
DA:184,66738
DA:185,258156
DA:187,338826
DA:188,338826
DA:189,287236
DA:190,51590
DA:191,338826
DA:193,667587
DA:194,667587
DA:195,657969
DA:196,9618
DA:197,667587
DA:199,1475766
DA:200,1475766
DA:201,1073609
DA:202,1068148
DA:203,807646
DA:204,402157
DA:205,277312
DA:206,250903
DA:207,250903
DA:208,212076
DA:209,124845
DA:210,124845
DA:213,104416
DA:214,87133
DA:215,87133
DA:217,0
DA:219,1124138
DA:220,1475766
DA:222,201710
DA:223,201710
DA:224,0
DA:227,201710
DA:228,201710
DA:230,63260832
DA:231,63260832
DA:232,102096
DA:233,99724
DA:234,99724
DA:235,99724
DA:236,89616
DA:237,10108
DA:238,2372
DA:239,12480
DA:240,63158736
DA:241,63260832
DA:243,158152080
DA:244,158152080
DA:245,158152080
DA:246,158152080
DA:247,158152080
DA:248,2332511
DA:249,1566038
DA:250,299670
DA:251,1266368
DA:252,766473
DA:253,2032841
DA:254,155819569
DA:255,158152080
DA:259,0
DA:260,0
DA:261,0
DA:262,0
DA:263,0
DA:269,0
DA:270,0
DA:271,0
DA:272,0
DA:273,0
DA:274,0
DA:275,0
DA:280,0
DA:282,0
DA:283,0
DA:284,0
DA:285,0
DA:287,0
DA:288,0
DA:289,0
DA:290,0
DA:292,0
DA:293,0
DA:294,0
DA:296,0
DA:297,0
DA:301,0
DA:302,0
DA:304,0
DA:305,0
DA:306,0
DA:307,0
DA:308,0
DA:309,0
DA:310,0
DA:311,0
DA:314,0
DA:315,0
DA:328,29307274
DA:329,29307274
DA:330,29307274
DA:332,0
DA:333,0
DA:334,0
DA:339,7234658
DA:340,7234658
DA:341,7234658
DA:343,656689
DA:344,656689
DA:345,656689
DA:347,0
DA:348,0
DA:349,0
DA:350,0
DA:351,0
DA:352,0
DA:353,0
DA:354,0
DA:356,0
DA:357,0
DA:358,0
DA:359,0
DA:360,0
DA:362,0
DA:363,0
DA:364,0
DA:366,6191515
DA:367,6191515
DA:368,6191515
DA:375,24932296
DA:376,24932296
DA:377,24644145
DA:379,288151
DA:381,24932296
DA:386,1871398
DA:387,1871398
DA:388,1871398
DA:393,24788642
DA:394,24788642
DA:395,24788642
DA:396,24788642
DA:401,13515418
DA:402,13515418
DA:403,13515418
DA:408,21192368
DA:409,21192368
DA:410,21192368
DA:413,0
DA:418,0
DA:419,0
DA:420,0
DA:422,0
DA:426,0
DA:427,0
DA:428,0
DA:429,0
DA:431,0
DA:433,0
DA:435,0
DA:437,0
DA:439,0
DA:441,0
DA:443,0
DA:445,0
DA:447,0
DA:449,0
DA:451,0
DA:465,379688
DA:466,379688
DA:467,379688
DA:469,0
DA:470,0
DA:471,0
DA:474,0
DA:475,0
DA:476,0
DA:482,92120
DA:483,92120
DA:484,92120
DA:485,92120
DA:490,3
DA:491,3
DA:492,3
DA:496,0
DA:497,0
DA:498,0
DA:499,0
DA:503,0
DA:504,0
DA:505,0
DA:506,0
DA:509,0
DA:511,0
DA:524,134560
DA:525,134560
DA:526,134560
DA:528,0
DA:529,0
DA:530,0
DA:533,0
DA:534,0
DA:535,0
DA:541,673918
DA:542,673918
DA:543,673918
DA:544,673918
DA:545,673918
DA:546,673918
DA:547,673918
DA:548,673918
DA:553,1
DA:554,1
DA:555,1
DA:559,0
DA:560,0
DA:561,0
DA:566,0
DA:567,0
DA:568,0
DA:570,0
DA:572,0
DA:588,18877
DA:589,18877
DA:590,18877
DA:592,0
DA:593,0
DA:594,0
DA:597,0
DA:598,0
DA:599,0
DA:610,99701
DA:611,99701
DA:612,99701
DA:613,11389
DA:614,88312
DA:616,99701
DA:621,298522
DA:622,298522
DA:623,298522
DA:627,0
DA:628,0
DA:629,0
DA:630,0
DA:631,0
DA:632,0
DA:633,0
DA:634,0
DA:635,0
DA:639,0
DA:640,0
DA:641,0
DA:642,0
DA:645,0
DA:646,0
DA:648,0
DA:667,1066706
DA:668,1066706
DA:669,1066706
DA:671,0
DA:672,0
DA:673,0
DA:676,0
DA:677,0
DA:678,0
DA:689,12580447
DA:690,12580447
DA:691,2751518
DA:692,9828929
DA:693,9828929
DA:694,4489
DA:695,9824440
DA:696,9824440
DA:697,9824440
DA:698,9824440
DA:699,7721357
DA:700,7721357
DA:701,7721357
DA:703,2103083
DA:704,2103083
DA:705,2103083
DA:706,2103083
DA:707,2103083
DA:710,9824440
DA:711,12580447
DA:716,2705507
DA:717,2705507
DA:718,2705507
DA:722,0
DA:723,0
DA:724,0
DA:725,0
DA:726,0
DA:727,0
DA:728,0
DA:729,0
DA:730,0
DA:731,0
DA:732,0
DA:733,0
DA:734,0
DA:738,0
DA:739,0
DA:740,0
DA:741,0
DA:744,0
DA:745,0
DA:746,0
DA:748,0
DA:766,952865
DA:767,952865
DA:768,952865
DA:770,0
DA:771,0
DA:772,0
DA:775,0
DA:776,0
DA:777,0
DA:783,11477069
DA:784,11477069
DA:785,11451889
DA:786,25180
DA:787,11477069
DA:788,11477069
DA:793,209996
DA:794,209996
DA:795,209996
DA:799,0
DA:800,0
DA:801,0
DA:802,0
DA:803,0
DA:804,0
DA:805,0
DA:806,0
DA:810,0
DA:811,0
DA:812,0
DA:813,0
DA:816,0
DA:818,0
DA:834,156336
DA:835,156336
DA:836,156336
DA:838,0
DA:839,0
DA:840,0
DA:843,0
DA:844,0
DA:845,0
DA:851,2377994
DA:852,2377994
DA:853,2377994
DA:854,2343928
DA:855,722371
DA:856,722371
DA:857,1621557
DA:858,1621557
DA:859,1621557
DA:860,1621557
DA:861,1621557
DA:862,2377994
DA:867,539629
DA:868,539629
DA:869,539629
DA:873,0
DA:874,0
DA:875,0
DA:876,0
DA:877,0
DA:878,0
DA:879,0
DA:880,0
DA:881,0
DA:885,0
DA:886,0
DA:887,0
DA:888,0
DA:891,0
DA:892,0
DA:894,0
DA:912,140698
DA:913,140698
DA:914,140698
DA:916,0
DA:917,0
DA:918,0
DA:921,0
DA:922,0
DA:923,0
DA:925,0
DA:927,0
DA:938,578502
DA:939,578502
DA:940,323089
DA:941,323089
DA:942,50564
DA:943,50564
DA:944,263287
DA:945,263287
DA:947,255413
DA:948,255413
DA:951,518700
DA:952,514865
DA:953,397565
DA:954,397565
DA:955,397565
DA:956,397565
DA:957,117300
DA:958,117300
DA:959,117300
DA:960,117300
DA:961,117300
DA:962,117300
DA:964,3835
DA:966,518700
DA:967,578502
DA:972,459220
DA:973,459220
DA:974,459220
DA:978,0
DA:979,0
DA:980,0
DA:981,0
DA:982,0
DA:983,0
DA:984,0
DA:985,0
DA:986,0
DA:987,0
DA:988,0
DA:992,0
DA:993,0
DA:994,0
DA:995,0
DA:998,0
DA:999,0
DA:1000,0
DA:1001,0
DA:1003,0
DA:1019,604379
DA:1020,604379
DA:1021,604379
DA:1023,0
DA:1024,0
DA:1025,0
DA:1028,0
DA:1029,0
DA:1030,0
DA:1036,853242
DA:1037,853242
DA:1038,853242
DA:1039,0
DA:1040,853242
DA:1042,853242
DA:1043,598758
DA:1044,254484
DA:1046,853242
DA:1048,1749365
DA:1049,1749365
DA:1050,1749365
DA:1052,1690538
DA:1053,1690538
DA:1054,1690538
DA:1059,1015134
DA:1060,1015134
DA:1061,1015134
DA:1065,0
DA:1066,0
DA:1067,0
DA:1068,0
DA:1069,0
DA:1070,0
DA:1071,0
DA:1072,0
DA:1076,0
DA:1077,0
DA:1078,0
DA:1079,0
DA:1082,0
DA:1083,0
DA:1085,0
DA:1098,7089938
DA:1099,7089938
DA:1100,7089938
DA:1101,7089938
DA:1102,7089938
DA:1103,7089938
DA:1104,7089938
DA:1105,7089938
DA:1106,7089938
DA:1111,618639
DA:1112,618639
DA:1113,618639
DA:1115,0
DA:1116,0
DA:1117,0
DA:1120,0
DA:1121,0
DA:1122,0
DA:1128,30777174
DA:1129,30777174
DA:1130,30777174
DA:1131,0
DA:1133,30777174
DA:1134,30777174
DA:1135,30777174
DA:1137,104042849
DA:1138,104042849
DA:1139,104042849
DA:1141,1521867
DA:1142,1521867
DA:1143,1521867
DA:1148,9494528
DA:1149,9494528
DA:1150,9494528
DA:1154,0
DA:1155,0
DA:1156,0
DA:1157,0
DA:1158,0
DA:1159,0
DA:1160,0
DA:1161,0
DA:1162,0
DA:1166,0
DA:1167,0
DA:1168,0
DA:1169,0
DA:1172,0
DA:1173,0
DA:1175,0
BRF:0
BRH:0
LF:635
LH:324
end_of_record
SF:/home/odm3n/dev/work/everscale-vm/vm/src/dispatch.rs
FN:94,_RINvMNtCsipbLpstqwUV_8tycho_vm8dispatchNtB3_13DispatchTable11lookup_implINtNtCs8f1B5igIjLM_5alloc5boxed3BoxDNtB3_10OpcodeExecEL_EB1H_EB5_
FN:288,_RINvMs_NtCsipbLpstqwUV_8tycho_vm8dispatchNtB5_7Opcodes15add_opcode_implDNtB5_10OpcodeExecEL_EB7_
FN:318,_RINvNtCsipbLpstqwUV_8tycho_vm8dispatch13build_opcodesDNtB2_10OpcodeExecEL_NCNvMs_B2_NtB2_7Opcodes5build0EB4_
FN:125,_RNCNvMs_NtCsipbLpstqwUV_8tycho_vm8dispatchNtB6_7Opcodes5build0B8_
FN:87,_RNvMNtCsipbLpstqwUV_8tycho_vm8dispatchNtB2_13DispatchTable21get_opcode_from_slice
FN:66,_RNvMNtCsipbLpstqwUV_8tycho_vm8dispatchNtB2_13DispatchTable2id
FN:70,_RNvMNtCsipbLpstqwUV_8tycho_vm8dispatchNtB2_13DispatchTable6lookup
FN:56,_RNvMNtCsipbLpstqwUV_8tycho_vm8dispatchNtB2_13DispatchTable7builder
FN:74,_RNvMNtCsipbLpstqwUV_8tycho_vm8dispatchNtB2_13DispatchTable8dispatch
FN:278,_RNvMs_NtCsipbLpstqwUV_8tycho_vm8dispatchNtB4_7Opcodes10add_opcode
FN:148,_RNvMs_NtCsipbLpstqwUV_8tycho_vm8dispatchNtB4_7Opcodes10add_simple
FN:252,_RNvMs_NtCsipbLpstqwUV_8tycho_vm8dispatchNtB4_7Opcodes13add_ext_range
FN:199,_RNvMs_NtCsipbLpstqwUV_8tycho_vm8dispatchNtB4_7Opcodes15add_fixed_range
FN:124,_RNvMs_NtCsipbLpstqwUV_8tycho_vm8dispatchNtB4_7Opcodes5build
FN:226,_RNvMs_NtCsipbLpstqwUV_8tycho_vm8dispatchNtB4_7Opcodes7add_ext
FN:173,_RNvMs_NtCsipbLpstqwUV_8tycho_vm8dispatchNtB4_7Opcodes9add_fixed
FN:501,_RNvNtCsipbLpstqwUV_8tycho_vm8dispatch10opcode_gas
FN:352,_RNvXs0_NtCsipbLpstqwUV_8tycho_vm8dispatchNtB5_11DummyOpcodeNtB5_10OpcodeBase5range
FN:358,_RNvXs1_NtCsipbLpstqwUV_8tycho_vm8dispatchNtB5_11DummyOpcodeNtB5_10OpcodeExec4exec
FN:379,_RNvXs2_NtCsipbLpstqwUV_8tycho_vm8dispatchINtB5_12SimpleOpcodeFG0_QL1_INtNtB7_5state7VmStateL0_EEINtNtCscHntIWw2aYb_4core6result6ResultlINtNtCs8f1B5igIjLM_5alloc5boxed3BoxNtNtB7_5error7VmErrorEEENtB5_10OpcodeBase5rangeB7_
FN:385,_RNvXs3_NtCsipbLpstqwUV_8tycho_vm8dispatchINtB5_12SimpleOpcodeFG0_QL1_INtNtB7_5state7VmStateL0_EEINtNtCscHntIWw2aYb_4core6result6ResultlINtNtCs8f1B5igIjLM_5alloc5boxed3BoxNtNtB7_5error7VmErrorEEENtB5_10OpcodeExec4exec
FN:420,_RNvXs4_NtCsipbLpstqwUV_8tycho_vm8dispatchINtB5_11FixedOpcodeFG0_QL1_INtNtB7_5state7VmStateL0_EmEINtNtCscHntIWw2aYb_4core6result6ResultlINtNtCs8f1B5igIjLM_5alloc5boxed3BoxNtNtB7_5error7VmErrorEEENtB5_10OpcodeBase5rangeB7_
FN:426,_RNvXs5_NtCsipbLpstqwUV_8tycho_vm8dispatchINtB5_11FixedOpcodeFG0_QL1_INtNtB7_5state7VmStateL0_EmEINtNtCscHntIWw2aYb_4core6result6ResultlINtNtCs8f1B5igIjLM_5alloc5boxed3BoxNtNtB7_5error7VmErrorEEENtB5_10OpcodeExec4exec
FN:461,_RNvXs6_NtCsipbLpstqwUV_8tycho_vm8dispatchINtB5_9ExtOpcodeFG0_QL1_INtNtB7_5state7VmStateL0_EmtEINtNtCscHntIWw2aYb_4core6result6ResultlINtNtCs8f1B5igIjLM_5alloc5boxed3BoxNtNtB7_5error7VmErrorEEENtB5_10OpcodeBase5rangeB7_
FN:467,_RNvXs7_NtCsipbLpstqwUV_8tycho_vm8dispatchINtB5_9ExtOpcodeFG0_QL1_INtNtB7_5state7VmStateL0_EmtEINtNtCscHntIWw2aYb_4core6result6ResultlINtNtCs8f1B5igIjLM_5alloc5boxed3BoxNtNtB7_5error7VmErrorEEENtB5_10OpcodeExec4exec
FNDA:236246134,_RINvMNtCsipbLpstqwUV_8tycho_vm8dispatchNtB3_13DispatchTable11lookup_implINtNtCs8f1B5igIjLM_5alloc5boxed3BoxDNtB3_10OpcodeExecEL_EB1H_EB5_
FNDA:538,_RINvMs_NtCsipbLpstqwUV_8tycho_vm8dispatchNtB5_7Opcodes15add_opcode_implDNtB5_10OpcodeExecEL_EB7_
FNDA:1,_RINvNtCsipbLpstqwUV_8tycho_vm8dispatch13build_opcodesDNtB2_10OpcodeExecEL_NCNvMs_B2_NtB2_7Opcodes5build0EB4_
FNDA:95,_RNCNvMs_NtCsipbLpstqwUV_8tycho_vm8dispatchNtB6_7Opcodes5build0B8_
FNDA:236246134,_RNvMNtCsipbLpstqwUV_8tycho_vm8dispatchNtB2_13DispatchTable21get_opcode_from_slice
FNDA:11170112,_RNvMNtCsipbLpstqwUV_8tycho_vm8dispatchNtB2_13DispatchTable2id
FNDA:236246134,_RNvMNtCsipbLpstqwUV_8tycho_vm8dispatchNtB2_13DispatchTable6lookup
FNDA:1,_RNvMNtCsipbLpstqwUV_8tycho_vm8dispatchNtB2_13DispatchTable7builder
FNDA:236246134,_RNvMNtCsipbLpstqwUV_8tycho_vm8dispatchNtB2_13DispatchTable8dispatch
FNDA:538,_RNvMs_NtCsipbLpstqwUV_8tycho_vm8dispatchNtB4_7Opcodes10add_opcode
FNDA:350,_RNvMs_NtCsipbLpstqwUV_8tycho_vm8dispatchNtB4_7Opcodes10add_simple
FNDA:4,_RNvMs_NtCsipbLpstqwUV_8tycho_vm8dispatchNtB4_7Opcodes13add_ext_range
FNDA:37,_RNvMs_NtCsipbLpstqwUV_8tycho_vm8dispatchNtB4_7Opcodes15add_fixed_range
FNDA:1,_RNvMs_NtCsipbLpstqwUV_8tycho_vm8dispatchNtB4_7Opcodes5build
FNDA:21,_RNvMs_NtCsipbLpstqwUV_8tycho_vm8dispatchNtB4_7Opcodes7add_ext
FNDA:126,_RNvMs_NtCsipbLpstqwUV_8tycho_vm8dispatchNtB4_7Opcodes9add_fixed
FNDA:236180224,_RNvNtCsipbLpstqwUV_8tycho_vm8dispatch10opcode_gas
FNDA:0,_RNvXs0_NtCsipbLpstqwUV_8tycho_vm8dispatchNtB5_11DummyOpcodeNtB5_10OpcodeBase5range
FNDA:65910,_RNvXs1_NtCsipbLpstqwUV_8tycho_vm8dispatchNtB5_11DummyOpcodeNtB5_10OpcodeExec4exec
FNDA:1047,_RNvXs2_NtCsipbLpstqwUV_8tycho_vm8dispatchINtB5_12SimpleOpcodeFG0_QL1_INtNtB7_5state7VmStateL0_EEINtNtCscHntIWw2aYb_4core6result6ResultlINtNtCs8f1B5igIjLM_5alloc5boxed3BoxNtNtB7_5error7VmErrorEEENtB5_10OpcodeBase5rangeB7_
FNDA:138854620,_RNvXs3_NtCsipbLpstqwUV_8tycho_vm8dispatchINtB5_12SimpleOpcodeFG0_QL1_INtNtB7_5state7VmStateL0_EEINtNtCscHntIWw2aYb_4core6result6ResultlINtNtCs8f1B5igIjLM_5alloc5boxed3BoxNtNtB7_5error7VmErrorEEENtB5_10OpcodeExec4exec
FNDA:492,_RNvXs4_NtCsipbLpstqwUV_8tycho_vm8dispatchINtB5_11FixedOpcodeFG0_QL1_INtNtB7_5state7VmStateL0_EmEINtNtCscHntIWw2aYb_4core6result6ResultlINtNtCs8f1B5igIjLM_5alloc5boxed3BoxNtNtB7_5error7VmErrorEEENtB5_10OpcodeBase5rangeB7_
FNDA:88137461,_RNvXs5_NtCsipbLpstqwUV_8tycho_vm8dispatchINtB5_11FixedOpcodeFG0_QL1_INtNtB7_5state7VmStateL0_EmEINtNtCscHntIWw2aYb_4core6result6ResultlINtNtCs8f1B5igIjLM_5alloc5boxed3BoxNtNtB7_5error7VmErrorEEENtB5_10OpcodeExec4exec
FNDA:73,_RNvXs6_NtCsipbLpstqwUV_8tycho_vm8dispatchINtB5_9ExtOpcodeFG0_QL1_INtNtB7_5state7VmStateL0_EmtEINtNtCscHntIWw2aYb_4core6result6ResultlINtNtCs8f1B5igIjLM_5alloc5boxed3BoxNtNtB7_5error7VmErrorEEENtB5_10OpcodeBase5rangeB7_
FNDA:9188143,_RNvXs7_NtCsipbLpstqwUV_8tycho_vm8dispatchINtB5_9ExtOpcodeFG0_QL1_INtNtB7_5state7VmStateL0_EmtEINtNtCscHntIWw2aYb_4core6result6ResultlINtNtCs8f1B5igIjLM_5alloc5boxed3BoxNtNtB7_5error7VmErrorEEENtB5_10OpcodeExec4exec
FNF:25
FNH:24
DA:56,1
DA:57,1
DA:58,1
DA:59,1
DA:60,1
DA:61,1
DA:62,1
DA:63,1
DA:66,11170112
DA:67,11170112
DA:68,11170112
DA:70,236246134
DA:71,236246134
DA:72,236246134
DA:74,236246134
DA:75,236246134
DA:76,236246134
DA:77,236246134
DA:78,236246134
DA:87,236246134
DA:88,236246134
DA:89,236246134
DA:90,236246134
DA:91,236246134
DA:94,236246134
DA:95,236246134
DA:96,236246134
DA:97,236246134
DA:98,236246134
DA:99,236246134
DA:101,236246134
DA:102,236246134
DA:103,2437843392
DA:104,2201597258
DA:105,2201597258
DA:106,676149877
DA:107,1525447381
DA:108,1525447381
DA:109,1525447381
DA:111,236246134
DA:112,236246134
DA:124,1
DA:125,95
DA:126,95
DA:127,95
DA:128,95
DA:129,95
DA:130,95
DA:131,1
DA:132,1
DA:133,1
DA:134,1
DA:135,1
DA:136,1
DA:137,1
DA:138,1
DA:139,1
DA:140,1
DA:141,1
DA:142,1
DA:143,1
DA:144,1
DA:145,1
DA:146,1
DA:148,350
DA:149,350
DA:150,350
DA:151,350
DA:152,350
DA:153,350
DA:154,350
DA:155,350
DA:156,350
DA:157,350
DA:158,350
DA:159,350
DA:160,350
DA:161,350
DA:162,350
DA:163,350
DA:164,350
DA:165,350
DA:166,350
DA:167,350
DA:168,350
DA:169,350
DA:170,350
DA:171,350
DA:173,126
DA:174,126
DA:175,126
DA:176,126
DA:177,126
DA:178,126
DA:179,126
DA:180,126
DA:181,126
DA:182,126
DA:183,126
DA:184,126
DA:185,126
DA:186,126
DA:187,126
DA:188,126
DA:189,126
DA:190,126
DA:191,126
DA:192,126
DA:193,126
DA:194,126
DA:195,126
DA:196,126
DA:197,126
DA:199,37
DA:200,37
DA:201,37
DA:202,37
DA:203,37
DA:204,37
DA:205,37
DA:206,37
DA:207,37
DA:208,37
DA:209,37
DA:210,37
DA:211,37
DA:212,37
DA:213,37
DA:214,37
DA:215,37
DA:216,37
DA:217,37
DA:218,37
DA:219,37
DA:220,37
DA:221,37
DA:222,37
DA:223,37
DA:224,37
DA:226,21
DA:227,21
DA:228,21
DA:229,21
DA:230,21
DA:231,21
DA:232,21
DA:233,21
DA:234,21
DA:235,21
DA:236,21
DA:237,21
DA:238,21
DA:239,21
DA:240,21
DA:241,21
DA:242,21
DA:243,21
DA:244,21
DA:245,21
DA:246,21
DA:247,21
DA:248,21
DA:249,21
DA:250,21
DA:252,4
DA:253,4
DA:254,4
DA:255,4
DA:256,4
DA:257,4
DA:258,4
DA:259,4
DA:260,4
DA:261,4
DA:262,4
DA:263,4
DA:264,4
DA:265,4
DA:266,4
DA:267,4
DA:268,4
DA:269,4
DA:270,4
DA:271,4
DA:272,4
DA:273,4
DA:274,4
DA:275,4
DA:276,4
DA:278,538
DA:279,538
DA:280,538
DA:288,538
DA:289,538
DA:290,538
DA:291,538
DA:292,538
DA:293,538
DA:294,538
DA:296,538
DA:297,297
DA:298,297
DA:299,0
DA:301,241
DA:303,538
DA:304,536
DA:305,536
DA:306,536
DA:307,536
DA:308,536
DA:309,0
DA:311,2
DA:313,538
DA:314,538
DA:315,538
DA:318,1
DA:319,1
DA:320,1
DA:321,1
DA:322,1
DA:323,1
DA:324,1
DA:325,1
DA:326,539
DA:327,538
DA:328,538
DA:329,95
DA:330,443
DA:332,538
DA:333,538
DA:336,1
DA:337,0
DA:338,1
DA:340,1
DA:341,1
DA:342,1
DA:352,0
DA:353,0
DA:354,0
DA:358,65910
DA:359,65910
DA:360,65052
DA:361,65910
DA:379,1047
DA:380,1047
DA:381,1047
DA:385,138854620
DA:386,138854620
DA:387,138847344
DA:388,138783688
DA:389,138783688
DA:390,138854620
DA:420,492
DA:421,492
DA:422,492
DA:426,88137461
DA:427,88137461
DA:428,88133218
DA:429,88116092
DA:430,88116092
DA:431,88137461
DA:461,73
DA:462,73
DA:463,73
DA:467,9188143
DA:468,9188143
DA:469,9186173
DA:470,9183341
DA:471,9183341
DA:472,9183341
DA:473,9183341
DA:474,9183341
DA:475,9188143
DA:501,236180224
DA:502,236180224
DA:503,236180224
BRF:0
BRH:0
LF:278
LH:272
end_of_record
SF:/home/odm3n/dev/work/everscale-vm/vm/src/error.rs
FN:49,_RNvMNtCsipbLpstqwUV_8tycho_vm5errorNtB2_7VmError12as_exception
FN:45,_RNvMNtCsipbLpstqwUV_8tycho_vm5errorNtB2_7VmError13is_out_of_gas
FN:123,_RNvMs0_NtCsipbLpstqwUV_8tycho_vm5errorNtB5_11VmException12as_exit_code
FN:129,_RNvXs1_NtCsipbLpstqwUV_8tycho_vm5errorNtB5_11VmExceptionNtNtCscHntIWw2aYb_4core3fmt7Display3fmt
FN:78,_RNvXs_NtCsipbLpstqwUV_8tycho_vm5errorINtNtCs8f1B5igIjLM_5alloc5boxed3BoxNtB4_7VmErrorEINtNtCscHntIWw2aYb_4core7convert4FromNtNtCsdL4DZEAGarf_15everscale_types5error5ErrorE4from
FNDA:5029325,_RNvMNtCsipbLpstqwUV_8tycho_vm5errorNtB2_7VmError12as_exception
FNDA:5060107,_RNvMNtCsipbLpstqwUV_8tycho_vm5errorNtB2_7VmError13is_out_of_gas
FNDA:10699,_RNvMs0_NtCsipbLpstqwUV_8tycho_vm5errorNtB5_11VmException12as_exit_code
FNDA:0,_RNvXs1_NtCsipbLpstqwUV_8tycho_vm5errorNtB5_11VmExceptionNtNtCscHntIWw2aYb_4core3fmt7Display3fmt
FNDA:266608,_RNvXs_NtCsipbLpstqwUV_8tycho_vm5errorINtNtCs8f1B5igIjLM_5alloc5boxed3BoxNtB4_7VmErrorEINtNtCscHntIWw2aYb_4core7convert4FromNtNtCsdL4DZEAGarf_15everscale_types5error5ErrorE4from
FNF:5
FNH:4
DA:45,5060107
DA:46,5026861
DA:47,5060107
DA:49,5029325
DA:50,5029325
DA:51,2144240
DA:52,0
DA:53,240639
DA:54,7445
DA:55,31057
DA:56,201222
DA:57,418836
DA:58,1669792
DA:59,0
DA:60,0
DA:61,294728
DA:62,229766
DA:63,37918
DA:65,0
DA:67,0
DA:68,10995
DA:69,16049
DA:71,21366
DA:73,5029325
DA:78,266608
DA:79,266608
DA:80,266608
DA:123,10699
DA:124,10699
DA:125,10699
DA:129,0
DA:130,0
DA:131,0
DA:132,0
DA:133,0
DA:134,0
DA:135,0
DA:136,0
DA:137,0
DA:138,0
DA:139,0
DA:140,0
DA:141,0
DA:142,0
DA:143,0
DA:144,0
DA:145,0
DA:147,0
BRF:0
BRH:0
LF:48
LH:25
end_of_record
SF:/home/odm3n/dev/work/everscale-vm/vm/src/gas.rs
FN:44,_RNvMNtCsipbLpstqwUV_8tycho_vm3gasNtB2_9GasParams6getter
FN:589,_RINvMse_NtCsipbLpstqwUV_8tycho_vm3gasNtB6_11GasConsumer14load_cell_implNtNtNtNtCsdL4DZEAGarf_15everscale_types4cell9cell_impl2rc4CellEB8_
FN:589,_RINvMse_NtCsipbLpstqwUV_8tycho_vm3gasNtB6_11GasConsumer14load_cell_implRDNtNtCsdL4DZEAGarf_15everscale_types4cell8CellImplEL_EB8_
FN:685,_RINvMsh_NtCsipbLpstqwUV_8tycho_vm3gasNtB6_18LimitedGasConsumer14load_cell_implNtNtNtNtCsdL4DZEAGarf_15everscale_types4cell9cell_impl2rc4CellEB8_
FN:685,_RINvMsh_NtCsipbLpstqwUV_8tycho_vm3gasNtB6_18LimitedGasConsumer14load_cell_implRDNtNtCsdL4DZEAGarf_15everscale_types4cell8CellImplEL_EB8_
FN:232,_RNCNvXsa_NtCsipbLpstqwUV_8tycho_vm3gasINtNtNtCsdL4DZEAGarf_15everscale_types4dict5typed4DictNtNtBH_4cell9HashBytesNtNtNtBH_6models5shard8LibDescrENtB7_15LibraryProvider4find0B9_
FN:256,_RNCNvXsa_NtCsipbLpstqwUV_8tycho_vm3gasINtNtNtCsdL4DZEAGarf_15everscale_types4dict5typed4DictNtNtBH_4cell9HashBytesNtNtNtBH_6models5shard8LibDescrENtB7_15LibraryProvider8find_ref0B9_
FN:35,_RNvMNtCsipbLpstqwUV_8tycho_vm3gasNtB2_9GasParams9unlimited
FN:557,_RNvMse_NtCsipbLpstqwUV_8tycho_vm3gasNtB5_11GasConsumer11try_consume
FN:342,_RNvMse_NtCsipbLpstqwUV_8tycho_vm3gasNtB5_11GasConsumer14with_libraries
FN:571,_RNvMse_NtCsipbLpstqwUV_8tycho_vm3gasNtB5_11GasConsumer16consume_free_gas
FN:584,_RNvMse_NtCsipbLpstqwUV_8tycho_vm3gasNtB5_11GasConsumer18load_cell_as_slice
FN:580,_RNvMse_NtCsipbLpstqwUV_8tycho_vm3gasNtB5_11GasConsumer19set_missing_library
FN:538,_RNvMse_NtCsipbLpstqwUV_8tycho_vm3gasNtB5_11GasConsumer21try_consume_stack_gas
FN:545,_RNvMse_NtCsipbLpstqwUV_8tycho_vm3gasNtB5_11GasConsumer21try_consume_tuple_gas
FN:516,_RNvMse_NtCsipbLpstqwUV_8tycho_vm3gasNtB5_11GasConsumer25try_consume_exception_gas
FN:550,_RNvMse_NtCsipbLpstqwUV_8tycho_vm3gasNtB5_11GasConsumer27try_consume_stack_depth_gas
FN:524,_RNvMse_NtCsipbLpstqwUV_8tycho_vm3gasNtB5_11GasConsumer28try_consume_implicit_ret_gas
FN:506,_RNvMse_NtCsipbLpstqwUV_8tycho_vm3gasNtB5_11GasConsumer30try_get_extra_balance_consumer
FN:528,_RNvMse_NtCsipbLpstqwUV_8tycho_vm3gasNtB5_11GasConsumer31try_consume_check_signature_gas
FN:520,_RNvMse_NtCsipbLpstqwUV_8tycho_vm3gasNtB5_11GasConsumer31try_consume_implicit_jmpref_gas
FN:336,_RNvMse_NtCsipbLpstqwUV_8tycho_vm3gasNtB5_11GasConsumer3new
FN:482,_RNvMse_NtCsipbLpstqwUV_8tycho_vm3gasNtB5_11GasConsumer5limit
FN:502,_RNvMse_NtCsipbLpstqwUV_8tycho_vm3gasNtB5_11GasConsumer5price
FN:369,_RNvMse_NtCsipbLpstqwUV_8tycho_vm3gasNtB5_11GasConsumer6derive
FN:361,_RNvMse_NtCsipbLpstqwUV_8tycho_vm3gasNtB5_11GasConsumer7limited
FN:430,_RNvMse_NtCsipbLpstqwUV_8tycho_vm3gasNtB5_11GasConsumer7restore
FN:470,_RNvMse_NtCsipbLpstqwUV_8tycho_vm3gasNtB5_11GasConsumer8consumed
FN:495,_RNvMse_NtCsipbLpstqwUV_8tycho_vm3gasNtB5_11GasConsumer8set_base
FN:462,_RNvMse_NtCsipbLpstqwUV_8tycho_vm3gasNtB5_11GasConsumer9libraries
FN:474,_RNvMse_NtCsipbLpstqwUV_8tycho_vm3gasNtB5_11GasConsumer9remaining
FN:486,_RNvMse_NtCsipbLpstqwUV_8tycho_vm3gasNtB5_11GasConsumer9set_limit
[...]
FNDA:47097,_RNvMs3_NtCsipbLpstqwUV_8tycho_vm5stateNtB5_7VmState3run
FNDA:696526,_RNvMs3_NtCsipbLpstqwUV_8tycho_vm5stateNtB5_7VmState4call
FNDA:30640933,_RNvMs3_NtCsipbLpstqwUV_8tycho_vm5stateNtB5_7VmState4jump
FNDA:255887733,_RNvMs3_NtCsipbLpstqwUV_8tycho_vm5stateNtB5_7VmState4step
FNDA:239745,_RNvMs3_NtCsipbLpstqwUV_8tycho_vm5stateNtB5_7VmState5again
FNDA:1075002,_RNvMs3_NtCsipbLpstqwUV_8tycho_vm5stateNtB5_7VmState5until
FNDA:1466189,_RNvMs3_NtCsipbLpstqwUV_8tycho_vm5stateNtB5_7VmState6repeat
FNDA:23412751,_RNvMs3_NtCsipbLpstqwUV_8tycho_vm5stateNtB5_7VmState6set_c0
FNDA:47097,_RNvMs3_NtCsipbLpstqwUV_8tycho_vm5stateNtB5_7VmState7builder
FNDA:30171,_RNvMs3_NtCsipbLpstqwUV_8tycho_vm5stateNtB5_7VmState7ret_alt
FNDA:147751,_RNvMs3_NtCsipbLpstqwUV_8tycho_vm5stateNtB5_7VmState7ret_ext
FNDA:19718202,_RNvMs3_NtCsipbLpstqwUV_8tycho_vm5stateNtB5_7VmState7take_c0
FNDA:30171,_RNvMs3_NtCsipbLpstqwUV_8tycho_vm5stateNtB5_7VmState7take_c1
FNDA:152681,_RNvMs3_NtCsipbLpstqwUV_8tycho_vm5stateNtB5_7VmState8call_ext
FNDA:31135579,_RNvMs3_NtCsipbLpstqwUV_8tycho_vm5stateNtB5_7VmState8force_cp
FNDA:1971245,_RNvMs3_NtCsipbLpstqwUV_8tycho_vm5stateNtB5_7VmState8jump_ext
FNDA:30777174,_RNvMs3_NtCsipbLpstqwUV_8tycho_vm5stateNtB5_7VmState8set_code
FNDA:31630416,_RNvMs3_NtCsipbLpstqwUV_8tycho_vm5stateNtB5_7VmState9adjust_cr
FNDA:801435,_RNvMs3_NtCsipbLpstqwUV_8tycho_vm5stateNtB5_7VmState9run_inner
FNDA:47097,_RNvXs2_NtCsipbLpstqwUV_8tycho_vm5stateNtNtNtNtCsdL4DZEAGarf_15everscale_types4cell9cell_impl2rc4CellNtB5_8IntoCode9into_code
FNDA:0,_RINvMNtCsipbLpstqwUV_8tycho_vm5stateNtB3_14VmStateBuilder10with_debugpEB5_
FNDA:0,_RINvMNtCsipbLpstqwUV_8tycho_vm5stateNtB3_14VmStateBuilder10with_stackpEB5_
FNDA:0,_RINvMNtCsipbLpstqwUV_8tycho_vm5stateNtB3_14VmStateBuilder13with_smc_infopEB5_
FNDA:0,_RINvMNtCsipbLpstqwUV_8tycho_vm5stateNtB3_14VmStateBuilder14with_librariespEB5_
FNDA:0,_RINvMNtCsipbLpstqwUV_8tycho_vm5stateNtB3_14VmStateBuilder9with_codepEB5_
FNDA:0,_RNvMNtCsipbLpstqwUV_8tycho_vm5stateNtB2_14VmStateBuilder12with_version
FNDA:0,_RNvMNtCsipbLpstqwUV_8tycho_vm5stateNtB2_14VmStateBuilder14with_modifiers
FNDA:0,_RNvMNtCsipbLpstqwUV_8tycho_vm5stateNtB2_14VmStateBuilder18with_init_selector
FNDA:0,_RNvXININtCsipbLpstqwUV_8tycho_vm5states_0pEINtNtCscHntIWw2aYb_4core6option6OptionpENtB5_8IntoCode9into_codeB7_
FNDA:0,_RNvXs0_NtCsipbLpstqwUV_8tycho_vm5stateTNtNtNtCsdL4DZEAGarf_15everscale_types4cell5slice14CellSliceRangeNtNtNtBF_9cell_impl2rc4CellENtB5_8IntoCode9into_code
FNDA:0,_RNvXs1_NtCsipbLpstqwUV_8tycho_vm5stateNtNtB7_4util14OwnedCellSliceNtB5_8IntoCode9into_code
FNF:59
FNH:47
DA:38,0
DA:39,0
DA:40,0
DA:42,47097
DA:45,47097
DA:46,47097
DA:47,47097
DA:49,47097
DA:50,47097
DA:51,0
DA:54,47097
DA:55,47097
DA:56,0
DA:57,0
DA:58,0
DA:59,0
DA:60,0
DA:61,0
DA:62,0
DA:63,0
DA:67,47097
DA:68,47097
DA:69,47097
DA:70,47097
DA:71,47097
DA:72,47097
DA:73,47097
DA:74,47097
DA:75,47097
DA:76,47097
DA:77,47097
DA:78,47097
DA:79,47097
DA:80,47097
DA:81,47097
DA:82,47097
DA:83,47097
DA:84,47097
DA:85,47097
DA:86,47097
DA:87,47097
DA:88,47097
DA:89,47097
DA:90,47097
DA:91,47097
DA:92,47097
DA:93,47097
DA:94,47097
DA:95,47097
DA:97,0
DA:98,0
DA:99,0
DA:100,0
DA:102,47097
DA:103,47097
DA:104,47097
DA:105,47097
DA:107,0
DA:108,0
DA:109,0
DA:110,0
DA:112,47097
DA:113,47097
DA:114,47097
DA:115,47097
DA:117,0
DA:118,0
DA:119,0
DA:120,0
DA:122,0
DA:123,0
DA:124,0
DA:125,0
DA:127,0
DA:128,0
DA:129,0
DA:130,0
DA:132,47097
DA:133,47097
DA:134,47097
DA:135,47097
DA:137,47097
DA:138,47097
DA:139,47097
DA:140,47097
DA:141,47097
DA:142,47097
DA:143,47097
DA:145,0
DA:146,0
DA:147,0
DA:148,0
DA:150,0
DA:151,0
DA:152,0
DA:153,0
DA:162,0
DA:163,0
DA:164,0
DA:165,0
DA:167,0
DA:172,0
DA:173,0
DA:174,0
DA:179,0
DA:180,0
DA:181,0
DA:185,47097
DA:186,47097
DA:187,47097
DA:188,0
DA:189,0
DA:190,0
DA:191,0
DA:193,0
DA:195,47097
DA:197,47097
DA:198,47097
DA:274,47097
DA:275,47097
DA:276,47097
DA:287,255887733
DA:288,255887733
DA:289,255887733
DA:290,255887733
DA:291,255887733
DA:292,255887733
DA:293,255887733
DA:294,255887733
DA:295,255887733
DA:296,255887733
DA:297,255887733
DA:298,255887733
DA:299,255887733
DA:300,255887733
DA:301,255887733
DA:302,255887733
DA:303,255887733
DA:310,236246134
DA:311,19641599
DA:312,1502120
DA:314,1502120
DA:321,1502120
DA:322,1501253
DA:324,1500401
DA:325,1500401
DA:327,18139479
DA:328,18139479
DA:329,18139479
DA:330,18137395
DA:332,255887733
DA:334,47097
DA:335,47097
DA:337,0
DA:338,47097
DA:339,47097
DA:340,47097
DA:342,815459
DA:343,801435
DA:345,14024
DA:346,14024
DA:350,815459
DA:357,47097
DA:358,768362
DA:360,47097
DA:362,801435
DA:363,801435
DA:364,256687017
DA:365,255887733
DA:377,5055203
DA:378,250832530
DA:379,5055203
DA:380,30493
DA:381,30493
DA:383,5024710
DA:384,5024710
DA:385,5024710
DA:386,5024710
DA:387,5024710
DA:388,5024710
DA:389,5019806
DA:390,4904
DA:391,2753
DA:392,2753
DA:394,2151
DA:395,2151
DA:396,2151
DA:404,799284
DA:405,12
DA:406,12
DA:407,12
DA:408,12
DA:409,12
DA:410,799272
DA:411,799272
DA:412,799272
DA:413,801435
DA:415,113844
DA:416,113844
DA:417,113844
DA:418,113844
DA:419,113844
DA:420,113844
DA:422,113533
DA:423,113533
DA:424,113533
DA:425,113533
DA:426,113533
DA:427,311
DA:428,0
DA:430,311
DA:431,113844
DA:433,28060
DA:434,28060
DA:435,27761
DA:437,299
DA:439,28060
DA:441,7355524
DA:442,7355524
DA:443,7355524
DA:445,147383
DA:446,147383
DA:447,147362
DA:448,147383
DA:450,2952230
DA:451,2952230
DA:452,109512
DA:454,2842718
DA:456,2952230
DA:458,109512
DA:459,109512
DA:460,109512
DA:461,72462
DA:462,72462
DA:463,72462
DA:464,72462
DA:465,72462
DA:466,72462
DA:467,72462
DA:468,72462
DA:469,72462
DA:470,37050
DA:471,37050
DA:472,37050
DA:473,37050
DA:474,37050
DA:476,0
DA:477,109512
DA:478,109512
DA:479,109512
DA:481,19499
DA:482,19499
DA:484,19499
DA:485,19499
DA:486,16666
DA:487,16666
DA:488,16666
DA:489,16666
DA:490,16666
DA:491,16666
DA:492,16666
DA:493,2833
DA:494,2833
DA:495,2833
DA:496,2833
DA:498,0
DA:500,19499
DA:501,19499
DA:503,3950479
DA:504,3950479
DA:505,3950479
DA:506,3950479
DA:507,3950479
DA:508,3950479
DA:509,3930901
DA:510,168453
DA:511,458350
DA:512,389950
DA:513,389950
DA:514,389950
DA:515,370372
DA:516,370372
DA:518,3392076
DA:521,3930901
DA:522,3930901
DA:523,3930901
DA:524,3930901
DA:525,3930901
DA:526,3930901
DA:527,3930901
DA:528,3930901
DA:529,3930901
DA:530,3930901
DA:531,3762448
DA:532,3762448
DA:534,3930901
DA:535,1228659
DA:536,1228659
DA:537,2702242
DA:538,3930901
DA:539,886421
DA:540,886421
DA:541,3044480
DA:542,3930901
DA:543,667587
DA:544,3263314
DA:546,3930901
DA:547,3950479
DA:549,5042467
DA:550,5042467
DA:551,5042467
DA:552,5042467
DA:553,5042467
DA:554,5042467
DA:555,5039722
DA:556,0
DA:558,5039722
DA:559,5042467
DA:561,11042
DA:562,11042
DA:563,11042
DA:564,11042
DA:565,11042
DA:566,11042
DA:567,10522
DA:568,0
DA:570,10522
DA:571,11042
DA:573,47270
DA:574,47270
DA:575,47270
DA:576,47270
DA:577,47270
DA:578,47270
DA:579,47270
DA:580,47270
DA:581,47270
DA:582,47270
DA:583,47270
DA:584,47270
DA:585,47270
DA:587,696526
DA:588,696526
DA:589,609379
DA:591,8113
DA:592,601266
DA:593,601266
DA:596,47499
DA:597,553767
DA:598,87147
DA:601,640914
DA:602,640914
DA:603,640914
DA:604,640914
DA:605,640914
DA:606,640914
DA:607,696526
DA:609,152681
DA:610,152681
DA:611,152681
DA:612,152681
DA:613,152681
DA:614,152681
DA:615,152681
DA:616,106309
DA:618,10472
DA:619,95837
DA:620,95837
DA:621,95837
DA:622,95837
DA:623,95837
DA:624,86653
DA:625,11015
DA:626,11015
DA:627,11015
DA:628,11015
DA:631,84822
DA:632,39132
DA:633,39132
DA:634,819
DA:636,45690
DA:638,84003
DA:639,84003
DA:641,84003
DA:642,2452
DA:643,35861
DA:644,45690
DA:647,84003
DA:648,16376
DA:649,16376
DA:650,16376
DA:651,67627
DA:652,67627
DA:653,67627
DA:656,83993
DA:657,22042
DA:658,19575
DA:659,19575
DA:660,19575
DA:661,19575
DA:662,19575
DA:664,19575
DA:666,19565
DA:669,64428
DA:670,35198
DA:671,35198
DA:673,35198
DA:675,35198
DA:677,29230
DA:682,83993
DA:685,46372
DA:686,43055
DA:687,40753
DA:688,40753
DA:690,3317
DA:693,44070
DA:697,128063
DA:698,128063
DA:699,128063
DA:700,128063
DA:701,128063
DA:702,128063
DA:703,128063
DA:704,128063
DA:705,128063
DA:706,128063
DA:707,128063
DA:708,128063
DA:709,128063
DA:710,152681
DA:712,30640933
DA:713,30640933
DA:714,7326521
DA:716,1769533
DA:717,5556988
DA:718,23314412
DA:725,28871400
DA:726,30640933
DA:728,1971245
DA:732,1971245
DA:735,1954060
DA:736,1971245
DA:738,24061642
DA:739,24061642
DA:754,23920658
DA:755,23920658
DA:756,23920658
DA:757,23919620
DA:758,16809
DA:759,16809
DA:760,16809
DA:761,16809
DA:764,23903849
DA:765,54241
DA:766,54241
DA:767,4829
DA:769,23849608
DA:772,23899020
DA:773,23899020
DA:774,23899020
DA:775,23899020
DA:776,23899020
DA:777,23899020
DA:778,23899020
DA:779,23899020
DA:782,23899020
DA:783,23618999
DA:784,23618999
DA:785,23618999
DA:786,280021
DA:787,280021
DA:788,280021
DA:791,22683174
DA:793,23411169
DA:795,1215846
DA:796,1215846
DA:797,1215846
DA:799,1215713
DA:802,22683174
DA:803,101613
DA:804,101613
DA:807,22581561
DA:809,140984
DA:811,128396
DA:812,3331
DA:815,125065
DA:817,58845
DA:818,58845
DA:819,66220
DA:820,12588
DA:822,24036539
DA:823,24061642
DA:825,31594437
DA:826,31594437
DA:827,31594437
DA:828,59510167
DA:829,27923651
DA:830,27923651
DA:831,27923651
DA:832,27923651
DA:833,27923651
DA:834,482980
DA:835,27440671
DA:837,27923648
DA:838,23627178
DA:840,22090397
DA:841,1536781
DA:842,4296470
DA:845,31543212
DA:846,31594437
DA:848,19570451
DA:849,19570451
DA:850,19570451
DA:851,19570451
DA:853,147751
DA:854,147751
DA:855,147751
DA:856,147751
DA:858,30171
DA:859,30171
DA:860,30171
DA:861,30171
DA:863,0
DA:864,0
DA:865,0
DA:866,0
DA:868,1466189
DA:869,1466189
DA:870,0
DA:871,0
DA:873,1466189
DA:874,1466189
DA:875,1466189
DA:876,1466189
DA:877,1466189
DA:879,1466189
DA:881,1075002
DA:882,1075002
DA:883,1062193
DA:884,1062193
DA:885,1062193
DA:886,1062193
DA:887,12809
DA:888,1075002
DA:889,1075002
DA:891,411039
DA:892,411039
DA:893,390632
DA:894,390632
DA:895,390632
DA:896,390632
DA:897,390632
DA:898,390632
DA:899,390632
DA:900,411039
DA:901,411039
DA:903,239745
DA:904,239745
DA:905,239745
DA:907,31630416
DA:908,31630416
DA:909,31630416
DA:911,23899020
DA:912,23899020
DA:913,23899020
DA:915,23412751
DA:916,23412751
DA:917,23412751
DA:919,30777174
DA:920,30777174
DA:921,30777174
DA:922,30777174
DA:924,31135579
DA:925,31135579
DA:926,82779
DA:928,31052800
DA:929,31052800
DA:930,31135579
DA:932,19718202
DA:933,19718202
DA:934,19718202
DA:936,0
DA:938,19718202
DA:939,19718202
DA:941,30171
DA:942,30171
DA:943,30171
DA:945,0
DA:947,30171
DA:948,30171
DA:950,815459
DA:951,815459
DA:952,47097
DA:955,768362
DA:956,768362
DA:957,768362
DA:958,768362
DA:959,768362
DA:960,768362
DA:961,768362
DA:962,768362
DA:963,768362
DA:964,768362
DA:965,768362
DA:966,768362
DA:967,768362
DA:968,768362
DA:969,768362
DA:970,768362
DA:971,768362
DA:972,768362
DA:973,768362
DA:974,768362
DA:975,768362
DA:976,768362
DA:977,768362
DA:978,768362
DA:979,768362
DA:980,768362
DA:981,768362
DA:982,768362
DA:983,768362
DA:984,768362
DA:985,768362
DA:986,768362
DA:987,14018
DA:988,754344
DA:989,754344
DA:990,754344
DA:991,754344
DA:992,754344
DA:993,754344
DA:994,754344
DA:995,11366
DA:996,11366
DA:997,8536
DA:998,8536
DA:999,8536
DA:1001,2830
DA:1002,64749
DA:1005,678229
DA:1008,754344
DA:1009,754344
DA:1010,6
DA:1011,754338
DA:1012,754338
DA:1013,754338
DA:1014,754338
DA:1015,754338
DA:1017,754338
DA:1018,76109
DA:1019,678229
DA:1021,754338
DA:1022,3961
DA:1023,355
DA:1024,3606
DA:1026,750377
DA:1027,754338
DA:1028,78238
DA:1029,38339
DA:1030,39899
DA:1032,676100
DA:1033,754338
DA:1034,34254
DA:1035,720084
DA:1037,754338
DA:1038,815459
BRF:0
BRH:0
LF:672
LH:602
end_of_record
SF:/home/odm3n/dev/work/everscale-vm/vm/src/util.rs
FN:180,_RNCNvNtCsipbLpstqwUV_8tycho_vm4util19load_int_from_slice0B5_
FN:190,_RNCNvNtCsipbLpstqwUV_8tycho_vm4util19load_int_from_slices_0B5_
FN:242,_RNCNvNtCsipbLpstqwUV_8tycho_vm4util30store_int_to_builder_unchecked0B5_
FN:276,_RNCNvNtCsipbLpstqwUV_8tycho_vm4util7bitsize0B5_
FN:16,_RNvMNtCsipbLpstqwUV_8tycho_vm4utilNtB2_14OwnedCellSlice16new_allow_exotic
FN:35,_RNvMNtCsipbLpstqwUV_8tycho_vm4utilNtB2_14OwnedCellSlice4cell
FN:20,_RNvMNtCsipbLpstqwUV_8tycho_vm4utilNtB2_14OwnedCellSlice5apply
FN:25,_RNvMNtCsipbLpstqwUV_8tycho_vm4utilNtB2_14OwnedCellSlice5range
FN:44,_RNvMNtCsipbLpstqwUV_8tycho_vm4utilNtB2_14OwnedCellSlice9fits_into
FN:30,_RNvMNtCsipbLpstqwUV_8tycho_vm4utilNtB2_14OwnedCellSlice9range_mut
FN:40,_RNvMNtCsipbLpstqwUV_8tycho_vm4utilNtB2_14OwnedCellSlice9set_range
FN:162,_RNvNtCsipbLpstqwUV_8tycho_vm4util11load_varint
FN:257,_RNvNtCsipbLpstqwUV_8tycho_vm4util13load_uint_leq
FN:292,_RNvNtCsipbLpstqwUV_8tycho_vm4util15remove_trailing
FN:288,_RNvNtCsipbLpstqwUV_8tycho_vm4util16in_bitsize_range
FN:149,_RNvNtCsipbLpstqwUV_8tycho_vm4util16shift_ceil_price
FN:154,_RNvNtCsipbLpstqwUV_8tycho_vm4util18ensure_empty_slice
FN:172,_RNvNtCsipbLpstqwUV_8tycho_vm4util19load_int_from_slice
FN:206,_RNvNtCsipbLpstqwUV_8tycho_vm4util20store_int_to_builder
FN:219,_RNvNtCsipbLpstqwUV_8tycho_vm4util30store_int_to_builder_unchecked
FN:266,_RNvNtCsipbLpstqwUV_8tycho_vm4util7bitsize
FN:70,_RNvXNvXs0_NtCsipbLpstqwUV_8tycho_vm4utilNtNtNtCsdL4DZEAGarf_15everscale_types4cell5slice9CellSliceNtB8_12CellSliceExt22display_as_stack_valueNtB2_7DisplayNtNtCscHntIWw2aYb_4core3fmt7Display3fmt
FN:65,_RNvXs0_NtCsipbLpstqwUV_8tycho_vm4utilNtNtNtCsdL4DZEAGarf_15everscale_types4cell5slice9CellSliceNtB5_12CellSliceExt22display_as_stack_value
FN:91,_RNvXs1_NtCsipbLpstqwUV_8tycho_vm4utilNtB5_14OwnedCellSliceINtNtCscHntIWw2aYb_4core7convert4FromTNtNtNtCsdL4DZEAGarf_15everscale_types4cell5slice14CellSliceRangeNtNtNtB1A_9cell_impl2rc4CellEE4from
FN:104,_RNvXs3_NtCsipbLpstqwUV_8tycho_vm4utilNtB5_14OwnedCellSliceINtNtCscHntIWw2aYb_4core3cmp9PartialEqNtNtNtCsdL4DZEAGarf_15everscale_types4cell5slice9CellSliceE2eq
FN:119,_RNvXs5_NtCsipbLpstqwUV_8tycho_vm4utilNtB5_5Uint4NtNtCsdL4DZEAGarf_15everscale_types4dict11LoadDictKey14load_from_data
FN:127,_RNvXs6_NtCsipbLpstqwUV_8tycho_vm4utilNtB5_5Uint4NtNtCsdL4DZEAGarf_15everscale_types4dict12StoreDictKey15store_into_data
FN:53,_RNvXs_NtCsipbLpstqwUV_8tycho_vm4utilNtB4_14OwnedCellSliceNtNtCscHntIWw2aYb_4core3fmt7Display3fmt
FN:98,_RNvXs2_NtCsipbLpstqwUV_8tycho_vm4utilTNtNtNtCsdL4DZEAGarf_15everscale_types4cell5slice14CellSliceRangeNtNtNtBE_9cell_impl2rc4CellEINtNtCscHntIWw2aYb_4core7convert4FromNtB5_14OwnedCellSliceE4from
FN:137,_RNvXs7_NtCsipbLpstqwUV_8tycho_vm4utilNtB5_5Uint4NtNtNtCsdL4DZEAGarf_15everscale_types4cell7builder5Store10store_into
FN:144,_RNvXs8_NtCsipbLpstqwUV_8tycho_vm4utilNtB5_5Uint4NtNtNtCsdL4DZEAGarf_15everscale_types4cell5slice4Load9load_from
FNDA:298689,_RNCNvNtCsipbLpstqwUV_8tycho_vm4util19load_int_from_slice0B5_
FNDA:532582,_RNCNvNtCsipbLpstqwUV_8tycho_vm4util19load_int_from_slices_0B5_
FNDA:50294,_RNCNvNtCsipbLpstqwUV_8tycho_vm4util30store_int_to_builder_unchecked0B5_
FNDA:631148,_RNCNvNtCsipbLpstqwUV_8tycho_vm4util7bitsize0B5_
FNDA:2236965,_RNvMNtCsipbLpstqwUV_8tycho_vm4utilNtB2_14OwnedCellSlice16new_allow_exotic
FNDA:250787874,_RNvMNtCsipbLpstqwUV_8tycho_vm4utilNtB2_14OwnedCellSlice4cell
FNDA:239777043,_RNvMNtCsipbLpstqwUV_8tycho_vm4utilNtB2_14OwnedCellSlice5apply
FNDA:518262795,_RNvMNtCsipbLpstqwUV_8tycho_vm4utilNtB2_14OwnedCellSlice5range
FNDA:34346,_RNvMNtCsipbLpstqwUV_8tycho_vm4utilNtB2_14OwnedCellSlice9fits_into
FNDA:237221015,_RNvMNtCsipbLpstqwUV_8tycho_vm4utilNtB2_14OwnedCellSlice9range_mut
FNDA:1189480,_RNvMNtCsipbLpstqwUV_8tycho_vm4utilNtB2_14OwnedCellSlice9set_range
FNDA:38066,_RNvNtCsipbLpstqwUV_8tycho_vm4util11load_varint
FNDA:0,_RNvNtCsipbLpstqwUV_8tycho_vm4util13load_uint_leq
FNDA:2755314,_RNvNtCsipbLpstqwUV_8tycho_vm4util15remove_trailing
FNDA:892232,_RNvNtCsipbLpstqwUV_8tycho_vm4util16in_bitsize_range
FNDA:0,_RNvNtCsipbLpstqwUV_8tycho_vm4util16shift_ceil_price
FNDA:0,_RNvNtCsipbLpstqwUV_8tycho_vm4util18ensure_empty_slice
FNDA:881191,_RNvNtCsipbLpstqwUV_8tycho_vm4util19load_int_from_slice
FNDA:119073,_RNvNtCsipbLpstqwUV_8tycho_vm4util20store_int_to_builder
FNDA:380467,_RNvNtCsipbLpstqwUV_8tycho_vm4util30store_int_to_builder_unchecked
FNDA:9540661,_RNvNtCsipbLpstqwUV_8tycho_vm4util7bitsize
FNDA:0,_RNvXNvXs0_NtCsipbLpstqwUV_8tycho_vm4utilNtNtNtCsdL4DZEAGarf_15everscale_types4cell5slice9CellSliceNtB8_12CellSliceExt22display_as_stack_valueNtB2_7DisplayNtNtCscHntIWw2aYb_4core3fmt7Display3fmt
FNDA:0,_RNvXs0_NtCsipbLpstqwUV_8tycho_vm4utilNtNtNtCsdL4DZEAGarf_15everscale_types4cell5slice9CellSliceNtB5_12CellSliceExt22display_as_stack_value
FNDA:7093445,_RNvXs1_NtCsipbLpstqwUV_8tycho_vm4utilNtB5_14OwnedCellSliceINtNtCscHntIWw2aYb_4core7convert4FromTNtNtNtCsdL4DZEAGarf_15everscale_types4cell5slice14CellSliceRangeNtNtNtB1A_9cell_impl2rc4CellEE4from
FNDA:0,_RNvXs3_NtCsipbLpstqwUV_8tycho_vm4utilNtB5_14OwnedCellSliceINtNtCscHntIWw2aYb_4core3cmp9PartialEqNtNtNtCsdL4DZEAGarf_15everscale_types4cell5slice9CellSliceE2eq
FNDA:0,_RNvXs5_NtCsipbLpstqwUV_8tycho_vm4utilNtB5_5Uint4NtNtCsdL4DZEAGarf_15everscale_types4dict11LoadDictKey14load_from_data
FNDA:0,_RNvXs6_NtCsipbLpstqwUV_8tycho_vm4utilNtB5_5Uint4NtNtCsdL4DZEAGarf_15everscale_types4dict12StoreDictKey15store_into_data
FNDA:0,_RNvXs_NtCsipbLpstqwUV_8tycho_vm4utilNtB4_14OwnedCellSliceNtNtCscHntIWw2aYb_4core3fmt7Display3fmt
FNDA:0,_RNvXs2_NtCsipbLpstqwUV_8tycho_vm4utilTNtNtNtCsdL4DZEAGarf_15everscale_types4cell5slice14CellSliceRangeNtNtNtBE_9cell_impl2rc4CellEINtNtCscHntIWw2aYb_4core7convert4FromNtB5_14OwnedCellSliceE4from
FNDA:0,_RNvXs7_NtCsipbLpstqwUV_8tycho_vm4utilNtB5_5Uint4NtNtNtCsdL4DZEAGarf_15everscale_types4cell7builder5Store10store_into
FNDA:0,_RNvXs8_NtCsipbLpstqwUV_8tycho_vm4utilNtB5_5Uint4NtNtNtCsdL4DZEAGarf_15everscale_types4cell5slice4Load9load_from
FNF:31
FNH:19
DA:16,2236965
DA:17,2236965
DA:18,2236965
DA:20,239777043
DA:21,239777043
DA:22,239777043
DA:25,518262795
DA:26,518262795
DA:27,518262795
DA:30,237221015
DA:31,237221015
DA:32,237221015
DA:35,250787874
DA:36,250787874
DA:37,250787874
DA:40,1189480
DA:41,1189480
DA:42,1189480
DA:44,34346
DA:45,34346
DA:46,34346
DA:47,34346
DA:48,34346
DA:49,34346
DA:53,0
DA:54,0
DA:55,0
DA:56,0
DA:57,0
DA:65,0
DA:70,0
DA:71,0
DA:72,0
DA:73,0
DA:74,0
DA:75,0
DA:76,0
DA:77,0
DA:78,0
DA:80,0
DA:82,0
DA:85,0
DA:86,0
DA:91,7093445
DA:92,7093445
DA:93,7093445
DA:98,0
DA:99,0
DA:100,0
DA:104,0
DA:105,0
DA:106,0
DA:107,0
DA:119,0
DA:120,0
DA:121,0
DA:122,0
DA:127,0
DA:128,0
DA:129,0
DA:130,0
DA:131,0
DA:132,0
DA:137,0
DA:138,0
DA:139,0
DA:144,0
DA:145,0
DA:146,0
DA:149,0
DA:150,0
DA:151,0
DA:152,0
DA:154,0
DA:155,0
DA:156,0
DA:158,0
DA:160,0
DA:162,38066
DA:163,38066
DA:164,38066
DA:165,38066
DA:166,38066
DA:167,38066
DA:168,34069
DA:169,38066
DA:172,881191
DA:173,881191
DA:174,881191
DA:175,881191
DA:176,881191
DA:177,301275
DA:178,10153
DA:179,871038
DA:180,301275
DA:181,298689
DA:182,294816
DA:183,294816
DA:184,294816
DA:185,298689
DA:186,301275
DA:188,537915
DA:189,537915
DA:190,537915
DA:191,532582
DA:192,504494
DA:194,28088
DA:196,532582
DA:197,525317
DA:198,525317
DA:199,532582
DA:200,537915
DA:203,881191
DA:206,119073
DA:207,119073
DA:208,119073
DA:209,119073
DA:210,119073
DA:211,119073
DA:212,119073
DA:213,119073
DA:214,10491
DA:215,108582
DA:216,108582
DA:217,119073
DA:219,380467
DA:220,380467
DA:221,380467
DA:222,380467
DA:223,380467
DA:224,380467
DA:225,380467
DA:226,294107
DA:228,86360
DA:229,80508
DA:230,80508
DA:232,5852
DA:235,86360
DA:237,86360
DA:238,50294
DA:239,50294
DA:240,50294
DA:241,50294
DA:242,50294
DA:243,50294
DA:244,50294
DA:245,50294
DA:247,36066
DA:249,86360
DA:250,86360
DA:251,86360
DA:252,86360
DA:255,380467
DA:257,0
DA:258,0
DA:259,0
DA:260,0
DA:261,0
DA:262,0
DA:263,0
DA:264,0
DA:266,9540661
DA:267,9540661
DA:268,9540661
DA:269,9020221
DA:270,2197511
DA:271,3998537
DA:274,2824173
DA:275,2824173
DA:276,2824173
DA:277,1695518
DA:278,1695518
DA:279,0
DA:280,2824173
DA:284,520440
DA:286,9540661
DA:288,892232
DA:289,892232
DA:290,892232
DA:292,2755314
DA:293,2755314
DA:294,2755314
DA:295,0
DA:296,2755314
DA:298,2755314
DA:300,2755314
DA:301,2755314
BRF:0
BRH:0
LF:193
LH:132
end_of_record
